This is pdfTeX, Version 3.14159265-2.6-1.40.20 (TeX Live 2019/Debian) (preloaded format=pdflatex 2022.11.7)  30 DEC 2022 00:06
entering extended mode
 restricted \write18 enabled.
 %&-line parsing enabled.
**chapter5.tex
(./chapter5.tex
LaTeX2e <2020-02-02> patch level 2
L3 programming layer <2020-02-14> (../header2.tex
(/usr/share/texlive/texmf-dist/tex/latex/base/book.cls
Document Class: book 2019/12/20 v1.4l Standard LaTeX document class
(/usr/share/texlive/texmf-dist/tex/latex/base/bk12.clo
File: bk12.clo 2019/12/20 v1.4l Standard LaTeX file (size option)
)
\c@part=\count167
\c@chapter=\count168
\c@section=\count169
\c@subsection=\count170
\c@subsubsection=\count171
\c@paragraph=\count172
\c@subparagraph=\count173
\c@figure=\count174
\c@table=\count175
\abovecaptionskip=\skip47
\belowcaptionskip=\skip48
\bibindent=\dimen134
)
(/usr/share/texlive/texmf-dist/tex/generic/babel/babel.sty
Package: babel 2020/02/14 3.40 The Babel package

(/usr/share/texlive/texmf-dist/tex/generic/babel/switch.def
File: switch.def 2020/02/14 3.40 Babel switching mechanism
)
(/usr/share/texlive/texmf-dist/tex/generic/babel-english/english.ldf
Language: english 2017/06/06 v3.3r English support from the babel system

(/usr/share/texlive/texmf-dist/tex/generic/babel/babel.def
File: babel.def 2020/02/14 3.40 Babel common definitions
\babel@savecnt=\count176
\U@D=\dimen135

(/usr/share/texlive/texmf-dist/tex/generic/babel/txtbabel.def)
\bbl@readstream=\read2
\bbl@dirlevel=\count177
)
Package babel Info: \l@canadian = using hyphenrules for english
(babel)             (\language0) on input line 102.
Package babel Info: \l@australian = using hyphenrules for ukenglish
(babel)             (\language12) on input line 105.
Package babel Info: \l@newzealand = using hyphenrules for ukenglish
(babel)             (\language12) on input line 108.
))
\everypar=\toks14

(/usr/share/texlive/texmf-dist/tex/latex/base/fontenc.sty
Package: fontenc 2020/02/11 v2.0o Standard LaTeX package

(/usr/share/texlive/texmf-dist/tex/latex/arabi/laeenc.def
File: laeenc.def 2006/01/01 v0.1 Local Arabic font encoding (test version: may 
change)
Now handling font encoding LAE ...
... processing UTF-8 mapping file for font encoding LAE

(/usr/share/texlive/texmf-dist/tex/latex/arabi/laeenc.dfu
File: laeenc.dfu 2006/01/01 v1.0 UTF-8 support for Arabic and Farsi for use wit
h inputenc
   defining Unicode char U+066A (decimal 1642)
   defining Unicode char U+060C (decimal 1548)
   defining Unicode char U+0660 (decimal 1632)
   defining Unicode char U+0661 (decimal 1633)
   defining Unicode char U+0662 (decimal 1634)
   defining Unicode char U+0663 (decimal 1635)
   defining Unicode char U+0664 (decimal 1636)
   defining Unicode char U+0665 (decimal 1637)
   defining Unicode char U+0666 (decimal 1638)
   defining Unicode char U+0667 (decimal 1639)
   defining Unicode char U+0668 (decimal 1640)
   defining Unicode char U+0669 (decimal 1641)
   defining Unicode char U+061B (decimal 1563)
   defining Unicode char U+061F (decimal 1567)
   defining Unicode char U+0621 (decimal 1569)
   defining Unicode char U+0622 (decimal 1570)
   defining Unicode char U+0623 (decimal 1571)
   defining Unicode char U+0624 (decimal 1572)
   defining Unicode char U+0625 (decimal 1573)
   defining Unicode char U+0626 (decimal 1574)
   defining Unicode char U+0627 (decimal 1575)
   defining Unicode char U+0628 (decimal 1576)
   defining Unicode char U+0629 (decimal 1577)
   defining Unicode char U+062A (decimal 1578)
   defining Unicode char U+062B (decimal 1579)
   defining Unicode char U+062C (decimal 1580)
   defining Unicode char U+062D (decimal 1581)
   defining Unicode char U+062E (decimal 1582)
   defining Unicode char U+062F (decimal 1583)
   defining Unicode char U+0630 (decimal 1584)
   defining Unicode char U+0631 (decimal 1585)
   defining Unicode char U+0632 (decimal 1586)
   defining Unicode char U+0633 (decimal 1587)
   defining Unicode char U+0634 (decimal 1588)
   defining Unicode char U+0635 (decimal 1589)
   defining Unicode char U+0636 (decimal 1590)
   defining Unicode char U+0637 (decimal 1591)
   defining Unicode char U+0638 (decimal 1592)
   defining Unicode char U+0639 (decimal 1593)
   defining Unicode char U+063A (decimal 1594)
   defining Unicode char U+0640 (decimal 1600)
   defining Unicode char U+0641 (decimal 1601)
   defining Unicode char U+0642 (decimal 1602)
   defining Unicode char U+0643 (decimal 1603)
   defining Unicode char U+0644 (decimal 1604)
   defining Unicode char U+0645 (decimal 1605)
   defining Unicode char U+0646 (decimal 1606)
   defining Unicode char U+0647 (decimal 1607)
   defining Unicode char U+0648 (decimal 1608)
   defining Unicode char U+0649 (decimal 1609)
   defining Unicode char U+064A (decimal 1610)
   defining Unicode char U+064B (decimal 1611)
   defining Unicode char U+064C (decimal 1612)
   defining Unicode char U+064D (decimal 1613)
   defining Unicode char U+064E (decimal 1614)
   defining Unicode char U+064F (decimal 1615)
   defining Unicode char U+0650 (decimal 1616)
   defining Unicode char U+0651 (decimal 1617)
   defining Unicode char U+0652 (decimal 1618)
   defining Unicode char U+067E (decimal 1662)
   defining Unicode char U+0686 (decimal 1670)
   defining Unicode char U+0698 (decimal 1688)
   defining Unicode char U+06A9 (decimal 1705)
   defining Unicode char U+06AF (decimal 1711)
   defining Unicode char U+06CC (decimal 1740)
   defining Unicode char U+06F0 (decimal 1776)
   defining Unicode char U+06F1 (decimal 1777)
   defining Unicode char U+06F2 (decimal 1778)
   defining Unicode char U+06F3 (decimal 1779)
   defining Unicode char U+06F4 (decimal 1780)
   defining Unicode char U+06F5 (decimal 1781)
   defining Unicode char U+06F6 (decimal 1782)
   defining Unicode char U+06F7 (decimal 1783)
   defining Unicode char U+06F8 (decimal 1784)
   defining Unicode char U+06F9 (decimal 1785)
   defining Unicode char U+200C (decimal 8204)
   defining Unicode char U+06D5 (decimal 1749)
)))
(/usr/share/texlive/texmf-dist/tex/generic/babel/locale/ar/babel-arabic.tex
Package babel Info: Importing basic data for arabic
(babel)             from babel-ar.ini. Reported on input line 11.
)
(/usr/share/texlive/texmf-dist/tex/latex/tools/tabularx.sty
Package: tabularx 2020/01/15 v2.11c `tabularx' package (DPC)

(/usr/share/texlive/texmf-dist/tex/latex/tools/array.sty
Package: array 2019/08/31 v2.4l Tabular extension package (FMi)
\col@sep=\dimen136
\ar@mcellbox=\box45
\extrarowheight=\dimen137
\NC@list=\toks15
\extratabsurround=\skip49
\backup@length=\skip50
\ar@cellbox=\box46
)
\TX@col@width=\dimen138
\TX@old@table=\dimen139
\TX@old@col=\dimen140
\TX@target=\dimen141
\TX@delta=\dimen142
\TX@cols=\count178
\TX@ftn=\toks16
)
(/usr/share/texlive/texmf-dist/tex/latex/import/import.sty
Package: import 2009/03/23  v 5.1
)
(/usr/share/texlive/texmf-dist/tex/latex/base/inputenc.sty
Package: inputenc 2018/08/11 v1.3c Input encoding file
\inpenc@prehook=\toks17
\inpenc@posthook=\toks18
)
(/usr/share/texlive/texmf-dist/tex/latex/biblatex/biblatex.sty
Package: biblatex 2019/12/01 v3.14 programmable bibliographies (PK/MW)

(/usr/share/texlive/texmf-dist/tex/latex/pdftexcmds/pdftexcmds.sty
Package: pdftexcmds 2019/11/24 v0.31 Utility functions of pdfTeX for LuaTeX (HO
)

(/usr/share/texlive/texmf-dist/tex/generic/infwarerr/infwarerr.sty
Package: infwarerr 2019/12/03 v1.5 Providing info/warning/error messages (HO)
)
(/usr/share/texlive/texmf-dist/tex/generic/iftex/iftex.sty
Package: iftex 2019/11/07 v1.0c TeX engine tests
)
(/usr/share/texlive/texmf-dist/tex/generic/ltxcmds/ltxcmds.sty
Package: ltxcmds 2019/12/15 v1.24 LaTeX kernel commands for general use (HO)
)
Package pdftexcmds Info: \pdf@primitive is available.
Package pdftexcmds Info: \pdf@ifprimitive is available.
Package pdftexcmds Info: \pdfdraftmode found.
)
(/usr/share/texlive/texmf-dist/tex/latex/etoolbox/etoolbox.sty
Package: etoolbox 2019/09/21 v2.5h e-TeX tools for LaTeX (JAW)
\etb@tempcnta=\count179
)
(/usr/share/texlive/texmf-dist/tex/latex/graphics/keyval.sty
Package: keyval 2014/10/28 v1.15 key=value parser (DPC)
\KV@toks@=\toks19
)
(/usr/share/texlive/texmf-dist/tex/latex/kvoptions/kvoptions.sty
Package: kvoptions 2019/11/29 v3.13 Key value format for package options (HO)

(/usr/share/texlive/texmf-dist/tex/generic/kvsetkeys/kvsetkeys.sty
Package: kvsetkeys 2019/12/15 v1.18 Key value parser (HO)
))
(/usr/share/texlive/texmf-dist/tex/latex/logreq/logreq.sty
Package: logreq 2010/08/04 v1.0 xml request logger
\lrq@indent=\count180

(/usr/share/texlive/texmf-dist/tex/latex/logreq/logreq.def
File: logreq.def 2010/08/04 v1.0 logreq spec v1.0
))
(/usr/share/texlive/texmf-dist/tex/latex/base/ifthen.sty
Package: ifthen 2014/09/29 v1.1c Standard LaTeX ifthen package (DPC)
)
(/usr/share/texlive/texmf-dist/tex/latex/url/url.sty
\Urlmuskip=\muskip16
Package: url 2013/09/16  ver 3.4  Verb mode for urls, etc.
)
\c@tabx@nest=\count181
\c@listtotal=\count182
\c@listcount=\count183
\c@liststart=\count184
\c@liststop=\count185
\c@citecount=\count186
\c@citetotal=\count187
\c@multicitecount=\count188
\c@multicitetotal=\count189
\c@instcount=\count190
\c@maxnames=\count191
\c@minnames=\count192
\c@maxitems=\count193
\c@minitems=\count194
\c@citecounter=\count195
\c@maxcitecounter=\count196
\c@savedcitecounter=\count197
\c@uniquelist=\count198
\c@uniquename=\count199
\c@refsection=\count266
\c@refsegment=\count267
\c@maxextratitle=\count268
\c@maxextratitleyear=\count269
\c@maxextraname=\count270
\c@maxextradate=\count271
\c@maxextraalpha=\count272
\c@abbrvpenalty=\count273
\c@highnamepenalty=\count274
\c@lownamepenalty=\count275
\c@maxparens=\count276
\c@parenlevel=\count277
\blx@tempcnta=\count278
\blx@tempcntb=\count279
\blx@tempcntc=\count280
\blx@maxsection=\count281
\blx@maxsegment@0=\count282
\blx@notetype=\count283
\blx@parenlevel@text=\count284
\blx@parenlevel@foot=\count285
\blx@sectionciteorder@0=\count286
\blx@entrysetcounter=\count287
\labelnumberwidth=\skip51
\labelalphawidth=\skip52
\biblabelsep=\skip53
\bibitemsep=\skip54
\bibnamesep=\skip55
\bibinitsep=\skip56
\bibparsep=\skip57
\bibhang=\skip58
\blx@bcfin=\read3
\blx@bcfout=\write3
\blx@langwohyphens=\language85
\c@mincomprange=\count288
\c@maxcomprange=\count289
\c@mincompwidth=\count290
Package biblatex Info: Trying to load biblatex default data model...
Package biblatex Info: ... file 'blx-dm.def' found.

(/usr/share/texlive/texmf-dist/tex/latex/biblatex/blx-dm.def
File: blx-dm.def 2019/12/01 v3.14 biblatex localization (PK/MW)
)
Package biblatex Info: Trying to load biblatex style data model...
Package biblatex Info: ... file 'apa.dbx' found.

(/usr/share/texlive/texmf-dist/tex/latex/biblatex-apa/apa.dbx
File: apa.dbx 2020/02/01 v9.5 APA biblatex style data model
)
Package biblatex Info: Trying to load biblatex custom data model...
Package biblatex Info: ... file 'biblatex-dm.cfg' not found.
\c@afterword=\count291
\c@savedafterword=\count292
\c@annotator=\count293
\c@savedannotator=\count294
\c@author=\count295
\c@savedauthor=\count296
\c@bookauthor=\count297
\c@savedbookauthor=\count298
\c@commentator=\count299
\c@savedcommentator=\count300
\c@editor=\count301
\c@savededitor=\count302
\c@editora=\count303
\c@savededitora=\count304
\c@editorb=\count305
\c@savededitorb=\count306
\c@editorc=\count307
\c@savededitorc=\count308
\c@foreword=\count309
\c@savedforeword=\count310
\c@holder=\count311
\c@savedholder=\count312
\c@introduction=\count313
\c@savedintroduction=\count314
\c@namea=\count315
\c@savednamea=\count316
\c@nameb=\count317
\c@savednameb=\count318
\c@namec=\count319
\c@savednamec=\count320
\c@translator=\count321
\c@savedtranslator=\count322
\c@shortauthor=\count323
\c@savedshortauthor=\count324
\c@shorteditor=\count325
\c@savedshorteditor=\count326
\c@groupauthor=\count327
\c@savedgroupauthor=\count328
\c@narrator=\count329
\c@savednarrator=\count330
\c@execproducer=\count331
\c@savedexecproducer=\count332
\c@execdirector=\count333
\c@savedexecdirector=\count334
\c@with=\count335
\c@savedwith=\count336
\c@labelname=\count337
\c@savedlabelname=\count338
\c@institution=\count339
\c@savedinstitution=\count340
\c@lista=\count341
\c@savedlista=\count342
\c@listb=\count343
\c@savedlistb=\count344
\c@listc=\count345
\c@savedlistc=\count346
\c@listd=\count347
\c@savedlistd=\count348
\c@liste=\count349
\c@savedliste=\count350
\c@listf=\count351
\c@savedlistf=\count352
\c@location=\count353
\c@savedlocation=\count354
\c@organization=\count355
\c@savedorganization=\count356
\c@origlocation=\count357
\c@savedoriglocation=\count358
\c@origpublisher=\count359
\c@savedorigpublisher=\count360
\c@publisher=\count361
\c@savedpublisher=\count362
\c@language=\count363
\c@savedlanguage=\count364
\c@origlanguage=\count365
\c@savedoriglanguage=\count366
\c@citation=\count367
\c@savedcitation=\count368
\c@pageref=\count369
\c@savedpageref=\count370
\shorthandwidth=\skip59
\shortjournalwidth=\skip60
\shortserieswidth=\skip61
\shorttitlewidth=\skip62
\shortauthorwidth=\skip63
\shorteditorwidth=\skip64
\locallabelnumberwidth=\skip65
\locallabelalphawidth=\skip66
\localshorthandwidth=\skip67
\localshortjournalwidth=\skip68
\localshortserieswidth=\skip69
\localshorttitlewidth=\skip70
\localshortauthorwidth=\skip71
\localshorteditorwidth=\skip72
Package biblatex Info: Trying to load compatibility code...
Package biblatex Info: ... file 'blx-compat.def' found.

(/usr/share/texlive/texmf-dist/tex/latex/biblatex/blx-compat.def
File: blx-compat.def 2019/12/01 v3.14 biblatex compatibility (PK/MW)
)
Package biblatex Info: Trying to load generic definitions...
Package biblatex Info: ... file 'biblatex.def' found.

(/usr/share/texlive/texmf-dist/tex/latex/biblatex/biblatex.def
File: biblatex.def 2019/12/01 v3.14 biblatex compatibility (PK/MW)
\c@textcitecount=\count371
\c@textcitetotal=\count372
\c@textcitemaxnames=\count373
\c@biburlbigbreakpenalty=\count374
\c@biburlbreakpenalty=\count375
\c@biburlnumpenalty=\count376
\c@biburlucpenalty=\count377
\c@biburllcpenalty=\count378
\biburlbigskip=\muskip17
\biburlnumskip=\muskip18
\biburlucskip=\muskip19
\biburllcskip=\muskip20
\c@smartand=\count379
)
Package biblatex Info: Trying to load bibliography style 'apa'...
Package biblatex Info: ... file 'apa.bbx' found.

(/usr/share/texlive/texmf-dist/tex/latex/biblatex-apa/apa.bbx
File: apa.bbx 2020/02/01 v9.5 APA biblatex references style
Package biblatex Info: Trying to load bibliography style 'standard'...
Package biblatex Info: ... file 'standard.bbx' found.

(/usr/share/texlive/texmf-dist/tex/latex/biblatex/bbx/standard.bbx
File: standard.bbx 2019/12/01 v3.14 biblatex bibliography style (PK/MW)
\c@bbx:relatedcount=\count380
\c@bbx:relatedtotal=\count381
))
Package biblatex Info: Trying to load citation style 'apa'...
Package biblatex Info: ... file 'apa.cbx' found.

(/usr/share/texlive/texmf-dist/tex/latex/biblatex-apa/apa.cbx
File: apa.cbx 2020/02/01 v9.5 APA biblatex citation style
Package biblatex Info: Delimiter 'nameyeardelim' in context '' already defined,
 overwriting.
Package biblatex Info: Delimiter 'nameyeardelim' in context 'textcite' already 
defined, overwriting.
Package biblatex Info: Delimiter 'andothersdelim' in context '' already defined
, overwriting.
Package biblatex Info: Redefining '\parencite'.
Package biblatex Info: Redefining '\fullcite'.
Package biblatex Info: Redefining '\citeyear'.
Package biblatex Info: Redefining '\cite'.
Package biblatex Info: Redefining '\footcite'.
Package biblatex Info: Redefining '\textcites'.
Package biblatex Info: Redefining '\cites'.
Package biblatex Info: Redefining '\parencites'.
Package biblatex Info: Redefining '\footcites'.
Package biblatex Info: Redefining '\footcitetexts'.
Package biblatex Info: Redefining '\smartcites'.
Package biblatex Info: Redefining '\textcite'.
Package biblatex Info: Redefining '\citeauthor'.
)
Package biblatex Info: Trying to load configuration file...
Package biblatex Info: ... file 'biblatex.cfg' found.

(/usr/share/texlive/texmf-dist/tex/latex/biblatex/biblatex.cfg
File: biblatex.cfg 
))
(/usr/share/texlive/texmf-dist/tex/latex/soul/soul.sty
Package: soul 2003/11/17 v2.4 letterspacing/underlining (mf)
\SOUL@word=\toks20
\SOUL@lasttoken=\toks21
\SOUL@cmds=\toks22
\SOUL@buffer=\toks23
\SOUL@token=\toks24
\SOUL@spaceskip=\skip73
\SOUL@ttwidth=\dimen143
\SOUL@uldp=\dimen144
\SOUL@ulht=\dimen145
)
(/usr/share/texlive/texmf-dist/tex/latex/graphics/color.sty
Package: color 2019/11/23 v1.2a Standard LaTeX Color (DPC)

(/usr/share/texlive/texmf-dist/tex/latex/graphics-cfg/color.cfg
File: color.cfg 2016/01/02 v1.6 sample color configuration
)
Package color Info: Driver file: pdftex.def on input line 147.

(/usr/share/texlive/texmf-dist/tex/latex/graphics-def/pdftex.def
File: pdftex.def 2018/01/08 v1.0l Graphics/color driver for pdftex
))
(/usr/share/texlive/texmf-dist/tex/latex/pdflscape/pdflscape.sty
Package: pdflscape 2019/12/05 v0.12 Display of landscape pages in PDF (HO)

(/usr/share/texlive/texmf-dist/tex/latex/graphics/lscape.sty
Package: lscape 2000/10/22 v3.01 Landscape Pages (DPC)

(/usr/share/texlive/texmf-dist/tex/latex/graphics/graphics.sty
Package: graphics 2019/11/30 v1.4a Standard LaTeX Graphics (DPC,SPQR)

(/usr/share/texlive/texmf-dist/tex/latex/graphics/trig.sty
Package: trig 2016/01/03 v1.10 sin cos tan (DPC)
)
(/usr/share/texlive/texmf-dist/tex/latex/graphics-cfg/graphics.cfg
File: graphics.cfg 2016/06/04 v1.11 sample graphics configuration
)
Package graphics Info: Driver file: pdftex.def on input line 105.
))
Package pdflscape Info: Auto-detected driver: pdftex on input line 81.
)
(/usr/share/texlive/texmf-dist/tex/latex/enumitem/enumitem.sty
Package: enumitem 2019/06/20 v3.9 Customized lists
\labelindent=\skip74
\enit@outerparindent=\dimen146
\enit@toks=\toks25
\enit@inbox=\box47
\enit@count@id=\count382
\enitdp@description=\count383
)
(/usr/share/texlive/texmf-dist/tex/latex/amsfonts/amssymb.sty
Package: amssymb 2013/01/14 v3.01 AMS font symbols

(/usr/share/texlive/texmf-dist/tex/latex/amsfonts/amsfonts.sty
Package: amsfonts 2013/01/14 v3.01 Basic AMSFonts support
\@emptytoks=\toks26
\symAMSa=\mathgroup4
\symAMSb=\mathgroup5
LaTeX Font Info:    Redeclaring math symbol \hbar on input line 98.
LaTeX Font Info:    Overwriting math alphabet `\mathfrak' in version `bold'
(Font)                  U/euf/m/n --> U/euf/b/n on input line 106.
))
(/usr/share/texlive/texmf-dist/tex/latex/graphics/graphicx.sty
Package: graphicx 2019/11/30 v1.2a Enhanced LaTeX Graphics (DPC,SPQR)
\Gin@req@height=\dimen147
\Gin@req@width=\dimen148
)
(/usr/share/texlive/texmf-dist/tex/latex/caption/subcaption.sty
Package: subcaption 2020/01/22 v1.3d Sub-captions (AR)

(/usr/share/texlive/texmf-dist/tex/latex/caption/caption.sty
Package: caption 2020/01/03 v3.4h Customizing captions (AR)

(/usr/share/texlive/texmf-dist/tex/latex/caption/caption3.sty
Package: caption3 2020/01/03 v1.8h caption3 kernel (AR)
Package caption3 Info: TeX engine: e-TeX on input line 61.
\captionmargin=\dimen149
\captionmargin@=\dimen150
\captionwidth=\dimen151
\caption@tempdima=\dimen152
\caption@indent=\dimen153
\caption@parindent=\dimen154
\caption@hangindent=\dimen155
Package caption Info: Standard document class detected.
)
\c@caption@flags=\count384
\c@continuedfloat=\count385
)
\c@subfigure=\count386
\c@subtable=\count387
)
(/usr/share/texlive/texmf-dist/tex/latex/amsmath/amsmath.sty
Package: amsmath 2020/01/20 v2.17e AMS math features
\@mathmargin=\skip75

For additional information on amsmath, use the `?' option.
(/usr/share/texlive/texmf-dist/tex/latex/amsmath/amstext.sty
Package: amstext 2000/06/29 v2.01 AMS text

(/usr/share/texlive/texmf-dist/tex/latex/amsmath/amsgen.sty
File: amsgen.sty 1999/11/30 v2.0 generic functions
\@emptytoks=\toks27
\ex@=\dimen156
))
(/usr/share/texlive/texmf-dist/tex/latex/amsmath/amsbsy.sty
Package: amsbsy 1999/11/29 v1.2d Bold Symbols
\pmbraise@=\dimen157
)
(/usr/share/texlive/texmf-dist/tex/latex/amsmath/amsopn.sty
Package: amsopn 2016/03/08 v2.02 operator names
)
\inf@bad=\count388
LaTeX Info: Redefining \frac on input line 227.
\uproot@=\count389
\leftroot@=\count390
LaTeX Info: Redefining \overline on input line 389.
\classnum@=\count391
\DOTSCASE@=\count392
LaTeX Info: Redefining \ldots on input line 486.
LaTeX Info: Redefining \dots on input line 489.
LaTeX Info: Redefining \cdots on input line 610.
\Mathstrutbox@=\box48
\strutbox@=\box49
\big@size=\dimen158
LaTeX Font Info:    Redeclaring font encoding OML on input line 733.
LaTeX Font Info:    Redeclaring font encoding OMS on input line 734.
\macc@depth=\count393
\c@MaxMatrixCols=\count394
\dotsspace@=\muskip21
\c@parentequation=\count395
\dspbrk@lvl=\count396
\tag@help=\toks28
\row@=\count397
\column@=\count398
\maxfields@=\count399
\andhelp@=\toks29
\eqnshift@=\dimen159
\alignsep@=\dimen160
\tagshift@=\dimen161
\tagwidth@=\dimen162
\totwidth@=\dimen163
\lineht@=\dimen164
\@envbody=\toks30
\multlinegap=\skip76
\multlinetaggap=\skip77
\mathdisplay@stack=\toks31
LaTeX Info: Redefining \[ on input line 2859.
LaTeX Info: Redefining \] on input line 2860.
)
(/usr/share/texlive/texmf-dist/tex/latex/mathtools/mathtools.sty
Package: mathtools 2020/01/17 v1.23 mathematical typesetting tools

(/usr/share/texlive/texmf-dist/tex/latex/tools/calc.sty
Package: calc 2017/05/25 v4.3 Infix arithmetic (KKT,FJ)
\calc@Acount=\count400
\calc@Bcount=\count401
\calc@Adimen=\dimen165
\calc@Bdimen=\dimen166
\calc@Askip=\skip78
\calc@Bskip=\skip79
LaTeX Info: Redefining \setlength on input line 80.
LaTeX Info: Redefining \addtolength on input line 81.
\calc@Ccount=\count402
\calc@Cskip=\skip80
)
(/usr/share/texlive/texmf-dist/tex/latex/mathtools/mhsetup.sty
Package: mhsetup 2017/03/31 v1.3 programming setup (MH)
)
LaTeX Info: Thecontrolsequence`\('isalreadyrobust on input line 129.
LaTeX Info: Thecontrolsequence`\)'isalreadyrobust on input line 129.
LaTeX Info: Thecontrolsequence`\['isalreadyrobust on input line 129.
LaTeX Info: Thecontrolsequence`\]'isalreadyrobust on input line 129.
\g_MT_multlinerow_int=\count403
\l_MT_multwidth_dim=\dimen167
\origjot=\skip81
\l_MT_shortvdotswithinadjustabove_dim=\dimen168
\l_MT_shortvdotswithinadjustbelow_dim=\dimen169
\l_MT_above_intertext_sep=\dimen170
\l_MT_below_intertext_sep=\dimen171
\l_MT_above_shortintertext_sep=\dimen172
\l_MT_below_shortintertext_sep=\dimen173
)
(/usr/share/texlive/texmf-dist/tex/latex/physics/physics.sty
Package: physics 

(/usr/share/texlive/texmf-dist/tex/latex/l3packages/xparse/xparse.sty
(/usr/share/texlive/texmf-dist/tex/latex/l3kernel/expl3.sty
Package: expl3 2020-02-14 L3 programming layer (loader) 

(/usr/share/texlive/texmf-dist/tex/latex/l3backend/l3backend-pdfmode.def
File: l3backend-pdfmode.def 2020-02-03 L3 backend support: PDF mode
\l__kernel_color_stack_int=\count404
\l__pdf_internal_box=\box50
))
Package: xparse 2020-02-14 L3 Experimental document command parser
\l__xparse_current_arg_int=\count405
\g__xparse_grabber_int=\count406
\l__xparse_m_args_int=\count407
\l__xparse_v_nesting_int=\count408
))
(/usr/share/texlive/texmf-dist/tex/latex/arydshln/arydshln.sty
Package: arydshln 2019/02/21 v1.76 
\dashlinedash=\dimen174
\dashlinegap=\dimen175
\adl@box=\box51
\adl@height=\dimen176
\adl@heightsave=\dimen177
\adl@depth=\dimen178
\adl@depthsave=\dimen179
\adl@finaldepth=\dimen180
\adl@columns=\count409
\adl@ncol=\count410
\adl@currentcolumn=\count411
\adl@currentcolumnsave=\count412
\adl@totalheight=\count413
\adl@totalheightsave=\count414
\adl@dash=\count415
\adl@gap=\count416
\adl@cla=\count417
\adl@clb=\count418
\adl@everyvbox=\toks32
\adl@LTpagetotal=\dimen181
)
(/usr/share/texlive/texmf-dist/tex/latex/float/float.sty
Package: float 2001/11/08 v1.3d Float enhancements (AL)
\c@float@type=\count419
\float@exts=\toks33
\float@box=\box52
\@float@everytoks=\toks34
\@floatcapt=\box53
)
(/usr/share/texlive/texmf-dist/tex/latex/hyperref/hyperref.sty
Package: hyperref 2020/01/14 v7.00d Hypertext links for LaTeX

(/usr/share/texlive/texmf-dist/tex/generic/kvdefinekeys/kvdefinekeys.sty
Package: kvdefinekeys 2019-12-19 v1.6 Define keys (HO)
)
(/usr/share/texlive/texmf-dist/tex/generic/pdfescape/pdfescape.sty
Package: pdfescape 2019/12/09 v1.15 Implements pdfTeX's escape features (HO)
)
(/usr/share/texlive/texmf-dist/tex/latex/hycolor/hycolor.sty
Package: hycolor 2020-01-27 v1.10 Color options for hyperref/bookmark (HO)
)
(/usr/share/texlive/texmf-dist/tex/latex/letltxmacro/letltxmacro.sty
Package: letltxmacro 2019/12/03 v1.6 Let assignment for LaTeX macros (HO)
)
(/usr/share/texlive/texmf-dist/tex/latex/auxhook/auxhook.sty
Package: auxhook 2019-12-17 v1.6 Hooks for auxiliary files (HO)
)
\@linkdim=\dimen182
\Hy@linkcounter=\count420
\Hy@pagecounter=\count421

(/usr/share/texlive/texmf-dist/tex/latex/hyperref/pd1enc.def
File: pd1enc.def 2020/01/14 v7.00d Hyperref: PDFDocEncoding definition (HO)
Now handling font encoding PD1 ...
... no UTF-8 mapping file for font encoding PD1
)
(/usr/share/texlive/texmf-dist/tex/generic/intcalc/intcalc.sty
Package: intcalc 2019/12/15 v1.3 Expandable calculations with integers (HO)
)
(/usr/share/texlive/texmf-dist/tex/generic/etexcmds/etexcmds.sty
Package: etexcmds 2019/12/15 v1.7 Avoid name clashes with e-TeX commands (HO)
)
\Hy@SavedSpaceFactor=\count422
\pdfmajorversion=\count423
Package hyperref Info: Hyper figures OFF on input line 4547.
Package hyperref Info: Link nesting OFF on input line 4552.
Package hyperref Info: Hyper index ON on input line 4555.
Package hyperref Info: Plain pages OFF on input line 4562.
Package hyperref Info: Backreferencing OFF on input line 4567.
Package hyperref Info: Implicit mode ON; LaTeX internals redefined.
Package hyperref Info: Bookmarks ON on input line 4800.
\c@Hy@tempcnt=\count424
LaTeX Info: Redefining \url on input line 5159.
\XeTeXLinkMargin=\dimen183

(/usr/share/texlive/texmf-dist/tex/generic/bitset/bitset.sty
Package: bitset 2019/12/09 v1.3 Handle bit-vector datatype (HO)

(/usr/share/texlive/texmf-dist/tex/generic/bigintcalc/bigintcalc.sty
Package: bigintcalc 2019/12/15 v1.5 Expandable calculations on big integers (HO
)
))
\Fld@menulength=\count425
\Field@Width=\dimen184
\Fld@charsize=\dimen185
Package hyperref Info: Hyper figures OFF on input line 6430.
Package hyperref Info: Link nesting OFF on input line 6435.
Package hyperref Info: Hyper index ON on input line 6438.
Package hyperref Info: backreferencing OFF on input line 6445.
Package hyperref Info: Link coloring OFF on input line 6450.
Package hyperref Info: Link coloring with OCG OFF on input line 6455.
Package hyperref Info: PDF/A mode OFF on input line 6460.
LaTeX Info: Redefining \ref on input line 6500.
LaTeX Info: Redefining \pageref on input line 6504.

(/usr/share/texlive/texmf-dist/tex/generic/atbegshi/atbegshi.sty
Package: atbegshi 2019/12/05 v1.19 At begin shipout hook (HO)
)
\Hy@abspage=\count426
\c@Item=\count427
\c@Hfootnote=\count428
)
Package hyperref Info: Driver (autodetected): hpdftex.

(/usr/share/texlive/texmf-dist/tex/latex/hyperref/hpdftex.def
File: hpdftex.def 2020/01/14 v7.00d Hyperref driver for pdfTeX

(/usr/share/texlive/texmf-dist/tex/latex/atveryend/atveryend.sty
Package: atveryend 2019-12-11 v1.11 Hooks at the very end of document (HO)
)
\Fld@listcount=\count429
\c@bookmark@seq@number=\count430

(/usr/share/texlive/texmf-dist/tex/latex/rerunfilecheck/rerunfilecheck.sty
Package: rerunfilecheck 2019/12/05 v1.9 Rerun checks for auxiliary files (HO)

(/usr/share/texlive/texmf-dist/tex/generic/uniquecounter/uniquecounter.sty
Package: uniquecounter 2019/12/15 v1.4 Provide unlimited unique counter (HO)
)
Package uniquecounter Info: New unique counter `rerunfilecheck' on input line 2
86.
)
\Hy@SectionHShift=\skip82
)
(/usr/share/texlive/texmf-dist/tex/latex/tocbibind/tocbibind.sty
Package: tocbibind 2010/10/13 v1.5k extra ToC listings
Package tocbibind Info: The document has chapter divisions on input line 50.


Package tocbibind Note: Using chapter style headings, unless overridden.

) (/usr/share/texlive/texmf-dist/tex/latex/algorithm2e/algorithm2e.sty
Package: algorithm2e 2017/07/18 v5.2 algorithms environments
\c@AlgoLine=\count431
\algocf@hangindent=\skip83

(/usr/share/texlive/texmf-dist/tex/latex/ifoddpage/ifoddpage.sty
Package: ifoddpage 2016/04/23 v1.1 Conditionals for odd/even page detection
\c@checkoddpage=\count432
)
(/usr/share/texlive/texmf-dist/tex/latex/tools/xspace.sty
Package: xspace 2014/10/28 v1.13 Space after command names (DPC,MH)
)
(/usr/share/texlive/texmf-dist/tex/latex/relsize/relsize.sty
Package: relsize 2013/03/29 ver 4.1
)
\skiptotal=\skip84
\skiplinenumber=\skip85
\skiprule=\skip86
\skiphlne=\skip87
\skiptext=\skip88
\skiplength=\skip89
\algomargin=\skip90
\skipalgocfslide=\skip91
\algowidth=\dimen186
\inoutsize=\dimen187
\inoutindent=\dimen188
\interspacetitleruled=\dimen189
\interspacealgoruled=\dimen190
\interspacetitleboxruled=\dimen191
\algocf@ruledwidth=\skip92
\algocf@inoutbox=\box54
\algocf@inputbox=\box55
\AlCapSkip=\skip93
\AlCapHSkip=\skip94
\algoskipindent=\skip95
\algocf@nlbox=\box56
\algocf@hangingbox=\box57
\algocf@untilbox=\box58
\algocf@skipuntil=\skip96
\algocf@capbox=\box59
\algocf@lcaptionbox=\skip97
\algoheightruledefault=\skip98
\algoheightrule=\skip99
\algotitleheightruledefault=\skip100
\algotitleheightrule=\skip101
\c@algocfline=\count433
\c@algocfproc=\count434
\c@algocf=\count435
\algocf@algoframe=\box60
\algocf@algobox=\box61
)
(/usr/share/texlive/texmf-dist/tex/latex/multirow/multirow.sty
Package: multirow 2019/05/31 v2.5 Span multiple rows of a table
\multirow@colwidth=\skip102
\multirow@cntb=\count436
\multirow@dima=\skip103
\bigstrutjot=\dimen192
)
(/usr/share/texlive/texmf-dist/tex/latex/l3packages/xfrac/xfrac.sty
(/usr/share/texlive/texmf-dist/tex/latex/l3packages/l3keys2e/l3keys2e.sty
Package: l3keys2e 2020-02-14 LaTeX2e option processing using LaTeX3 keys
)
(/usr/share/texlive/texmf-dist/tex/latex/base/textcomp.sty
Package: textcomp 2020/02/02 v2.0n Standard LaTeX package
)
(/usr/share/texlive/texmf-dist/tex/latex/l3packages/xtemplate/xtemplate.sty
Package: xtemplate 2020-02-14 L3 Experimental prototype document functions
\l__xtemplate_tmp_dim=\dimen193
\l__xtemplate_tmp_int=\count437
\l__xtemplate_tmp_muskip=\muskip22
\l__xtemplate_tmp_skip=\skip104
)
Package: xfrac 2020-02-14 L3 Experimental split-level fractions
\l__xfrac_slash_box=\box62
\l__xfrac_tmp_box=\box63
\l__xfrac_denominator_bot_sep_dim=\dimen194
\l__xfrac_numerator_bot_sep_dim=\dimen195
\l__xfrac_numerator_top_sep_dim=\dimen196
\l__xfrac_slash_left_sep_dim=\dimen197
\l__xfrac_slash_right_sep_dim=\dimen198
\l__xfrac_slash_left_muskip=\muskip23
\l__xfrac_slash_right_muskip=\muskip24

Package xtemplate Info: Declaring object type 'xfrac' taking 3 argument(s) on
(xtemplate)             line 80.

)
(/usr/share/texlive/texmf-dist/tex/latex/esint/esint.sty
Package: esint 
\symlargesymbolsA=\mathgroup6
)
(/usr/share/texlive/texmf-dist/tex/latex/titlesec/titlesec.sty
Package: titlesec 2019/10/16 v2.13 Sectioning titles
\ttl@box=\box64
\beforetitleunit=\skip105
\aftertitleunit=\skip106
\ttl@plus=\dimen199
\ttl@minus=\dimen256
\ttl@toksa=\toks35
\titlewidth=\dimen257
\titlewidthlast=\dimen258
\titlewidthfirst=\dimen259
)
(/home/asl/version-control/ws_thesis/thesis_latex/style.tex
(/usr/share/texlive/texmf-dist/tex/latex/setspace/setspace.sty
Package: setspace 2011/12/19 v6.7a set line spacing
)
(/usr/share/texlive/texmf-dist/tex/latex/geometry/geometry.sty
Package: geometry 2020/01/02 v5.9 Page Geometry

(/usr/share/texlive/texmf-dist/tex/generic/iftex/ifvtex.sty
Package: ifvtex 2019/10/25 v1.7 ifvtex legacy package. Use iftex instead.
)
\Gm@cnth=\count438
\Gm@cntv=\count439
\c@Gm@tempcnt=\count440
\Gm@bindingoffset=\dimen260
\Gm@wd@mp=\dimen261
\Gm@odd@mp=\dimen262
\Gm@even@mp=\dimen263
\Gm@layoutwidth=\dimen264
\Gm@layoutheight=\dimen265
\Gm@layouthoffset=\dimen266
\Gm@layoutvoffset=\dimen267
\Gm@dimlist=\toks36
)
(/usr/share/texlive/texmf-dist/tex/latex/fancyhdr/fancyhdr.sty
Package: fancyhdr 2019/01/31 v3.10 Extensive control of page headers and footer
s
\f@nch@headwidth=\skip107
\f@nch@O@elh=\skip108
\f@nch@O@erh=\skip109
\f@nch@O@olh=\skip110
\f@nch@O@orh=\skip111
\f@nch@O@elf=\skip112
\f@nch@O@erf=\skip113
\f@nch@O@olf=\skip114
\f@nch@O@orf=\skip115
)
(/usr/share/texlive/texmf-dist/tex/latex/mdframed/mdframed.sty
Package: mdframed 2013/07/01 1.9b: mdframed

(/usr/share/texlive/texmf-dist/tex/latex/zref/zref-abspage.sty
Package: zref-abspage 2019/11/29 v2.28 Module abspage for zref (HO)

(/usr/share/texlive/texmf-dist/tex/latex/zref/zref-base.sty
Package: zref-base 2019/11/29 v2.28 Module base for zref (HO)
Package zref Info: New property list: main on input line 763.
Package zref Info: New property: default on input line 764.
Package zref Info: New property: page on input line 765.
)
\c@abspage=\count441
Package zref Info: New property: abspage on input line 66.
)
(/usr/share/texlive/texmf-dist/tex/latex/needspace/needspace.sty
Package: needspace 2010/09/12 v1.3d reserve vertical space
)
\mdf@templength=\skip116
\c@mdf@globalstyle@cnt=\count442
\mdf@skipabove@length=\skip117
\mdf@skipbelow@length=\skip118
\mdf@leftmargin@length=\skip119
\mdf@rightmargin@length=\skip120
\mdf@innerleftmargin@length=\skip121
\mdf@innerrightmargin@length=\skip122
\mdf@innertopmargin@length=\skip123
\mdf@innerbottommargin@length=\skip124
\mdf@splittopskip@length=\skip125
\mdf@splitbottomskip@length=\skip126
\mdf@outermargin@length=\skip127
\mdf@innermargin@length=\skip128
\mdf@linewidth@length=\skip129
\mdf@innerlinewidth@length=\skip130
\mdf@middlelinewidth@length=\skip131
\mdf@outerlinewidth@length=\skip132
\mdf@roundcorner@length=\skip133
\mdf@footenotedistance@length=\skip134
\mdf@userdefinedwidth@length=\skip135
\mdf@needspace@length=\skip136
\mdf@frametitleaboveskip@length=\skip137
\mdf@frametitlebelowskip@length=\skip138
\mdf@frametitlerulewidth@length=\skip139
\mdf@frametitleleftmargin@length=\skip140
\mdf@frametitlerightmargin@length=\skip141
\mdf@shadowsize@length=\skip142
\mdf@extratopheight@length=\skip143
\mdf@subtitleabovelinewidth@length=\skip144
\mdf@subtitlebelowlinewidth@length=\skip145
\mdf@subtitleaboveskip@length=\skip146
\mdf@subtitlebelowskip@length=\skip147
\mdf@subtitleinneraboveskip@length=\skip148
\mdf@subtitleinnerbelowskip@length=\skip149
\mdf@subsubtitleabovelinewidth@length=\skip150
\mdf@subsubtitlebelowlinewidth@length=\skip151
\mdf@subsubtitleaboveskip@length=\skip152
\mdf@subsubtitlebelowskip@length=\skip153
\mdf@subsubtitleinneraboveskip@length=\skip154
\mdf@subsubtitleinnerbelowskip@length=\skip155

(/usr/share/texlive/texmf-dist/tex/latex/mdframed/md-frame-0.mdf
File: md-frame-0.mdf 2013/07/01\ 1.9b: md-frame-0
)
\mdf@frametitlebox=\box65
\mdf@footnotebox=\box66
\mdf@splitbox@one=\box67
\mdf@splitbox@two=\box68
\mdf@splitbox@save=\box69
\mdfsplitboxwidth=\skip156
\mdfsplitboxtotalwidth=\skip157
\mdfsplitboxheight=\skip158
\mdfsplitboxdepth=\skip159
\mdfsplitboxtotalheight=\skip160
\mdfframetitleboxwidth=\skip161
\mdfframetitleboxtotalwidth=\skip162
\mdfframetitleboxheight=\skip163
\mdfframetitleboxdepth=\skip164
\mdfframetitleboxtotalheight=\skip165
\mdffootnoteboxwidth=\skip166
\mdffootnoteboxtotalwidth=\skip167
\mdffootnoteboxheight=\skip168
\mdffootnoteboxdepth=\skip169
\mdffootnoteboxtotalheight=\skip170
\mdftotallinewidth=\skip171
\mdfboundingboxwidth=\skip172
\mdfboundingboxtotalwidth=\skip173
\mdfboundingboxheight=\skip174
\mdfboundingboxdepth=\skip175
\mdfboundingboxtotalheight=\skip176
\mdf@freevspace@length=\skip177
\mdf@horizontalwidthofbox@length=\skip178
\mdf@verticalmarginwhole@length=\skip179
\mdf@horizontalspaceofbox=\skip180
\mdfsubtitleheight=\skip181
\mdfsubsubtitleheight=\skip182
\c@mdfcountframes=\count443

****** mdframed patching \endmdf@trivlist

****** -- success******

\mdf@envdepth=\count444
\c@mdf@env@i=\count445
\c@mdf@env@ii=\count446
\c@mdf@zref@counter=\count447
Package zref Info: New property: mdf@pagevalue on input line 895.
)
(/usr/share/texlive/texmf-dist/tex/latex/tools/verbatim.sty
Package: verbatim 2019/11/10 v1.5r LaTeX2e package for verbatim enhancements
\every@verbatim=\toks37
\verbatim@line=\toks38
\verbatim@in@stream=\read4
)
(/usr/share/texlive/texmf-dist/tex/latex/psnfss/mathptmx.sty
Package: mathptmx 2005/04/12 PSNFSS-v9.2a Times w/ Math, improved (SPQR, WaS) 
LaTeX Font Info:    Redeclaring symbol font `operators' on input line 28.
LaTeX Font Info:    Overwriting symbol font `operators' in version `normal'
(Font)                  OT1/cmr/m/n --> OT1/ztmcm/m/n on input line 28.
LaTeX Font Info:    Overwriting symbol font `operators' in version `bold'
(Font)                  OT1/cmr/bx/n --> OT1/ztmcm/m/n on input line 28.
LaTeX Font Info:    Redeclaring symbol font `letters' on input line 29.
LaTeX Font Info:    Overwriting symbol font `letters' in version `normal'
(Font)                  OML/cmm/m/it --> OML/ztmcm/m/it on input line 29.
LaTeX Font Info:    Overwriting symbol font `letters' in version `bold'
(Font)                  OML/cmm/b/it --> OML/ztmcm/m/it on input line 29.
LaTeX Font Info:    Redeclaring symbol font `symbols' on input line 30.
LaTeX Font Info:    Overwriting symbol font `symbols' in version `normal'
(Font)                  OMS/cmsy/m/n --> OMS/ztmcm/m/n on input line 30.
LaTeX Font Info:    Overwriting symbol font `symbols' in version `bold'
(Font)                  OMS/cmsy/b/n --> OMS/ztmcm/m/n on input line 30.
LaTeX Font Info:    Redeclaring symbol font `largesymbols' on input line 31.
LaTeX Font Info:    Overwriting symbol font `largesymbols' in version `normal'
(Font)                  OMX/cmex/m/n --> OMX/ztmcm/m/n on input line 31.
LaTeX Font Info:    Overwriting symbol font `largesymbols' in version `bold'
(Font)                  OMX/cmex/m/n --> OMX/ztmcm/m/n on input line 31.
\symbold=\mathgroup7
\symitalic=\mathgroup8
LaTeX Font Info:    Redeclaring math alphabet \mathbf on input line 34.
LaTeX Font Info:    Overwriting math alphabet `\mathbf' in version `normal'
(Font)                  OT1/cmr/bx/n --> OT1/ptm/bx/n on input line 34.
LaTeX Font Info:    Overwriting math alphabet `\mathbf' in version `bold'
(Font)                  OT1/cmr/bx/n --> OT1/ptm/bx/n on input line 34.
LaTeX Font Info:    Redeclaring math alphabet \mathit on input line 35.
LaTeX Font Info:    Overwriting math alphabet `\mathit' in version `normal'
(Font)                  OT1/cmr/m/it --> OT1/ptm/m/it on input line 35.
LaTeX Font Info:    Overwriting math alphabet `\mathit' in version `bold'
(Font)                  OT1/cmr/bx/it --> OT1/ptm/m/it on input line 35.
LaTeX Info: Redefining \hbar on input line 50.
)
LaTeX Font Info:    Redeclaring math alphabet \mathcal on input line 79.

(/usr/share/texlive/texmf-dist/tex/latex/titlesec/titletoc.sty
Package: titletoc 2019/10/16 v2.13 TOC entries
\ttl@leftsep=\dimen268
)
(/usr/share/texlive/texmf-dist/tex/latex/tocloft/tocloft.sty
Package: tocloft 2017/08/31 v2.3i parameterised ToC, etc., typesetting
Package tocloft Info: The document has chapter divisions on input line 51.
\cftparskip=\skip183
\cftbeforetoctitleskip=\skip184
\cftaftertoctitleskip=\skip185
\cftbeforepartskip=\skip186
\cftpartnumwidth=\skip187
\cftpartindent=\skip188
\cftbeforechapskip=\skip189
\cftchapindent=\skip190
\cftchapnumwidth=\skip191
\cftbeforesecskip=\skip192
\cftsecindent=\skip193
\cftsecnumwidth=\skip194
\cftbeforesubsecskip=\skip195
\cftsubsecindent=\skip196
\cftsubsecnumwidth=\skip197
\cftbeforesubsubsecskip=\skip198
\cftsubsubsecindent=\skip199
\cftsubsubsecnumwidth=\skip256
\cftbeforeparaskip=\skip257
\cftparaindent=\skip258
\cftparanumwidth=\skip259
\cftbeforesubparaskip=\skip260
\cftsubparaindent=\skip261
\cftsubparanumwidth=\skip262
\cftbeforeloftitleskip=\skip263
\cftafterloftitleskip=\skip264
\cftbeforefigskip=\skip265
\cftfigindent=\skip266
\cftfignumwidth=\skip267
\c@lofdepth=\count448
\c@lotdepth=\count449
\cftbeforelottitleskip=\skip268
\cftafterlottitleskip=\skip269
\cftbeforetabskip=\skip270
\cfttabindent=\skip271
\cfttabnumwidth=\skip272
))
(/home/asl/version-control/ws_thesis/thesis_latex/glossaries.tex
(/usr/share/texlive/texmf-dist/tex/latex/glossaries-extra/glossaries-extra.sty
Package: glossaries-extra 2020/02/13 v1.42 (NLCT)

(/usr/share/texlive/texmf-dist/tex/latex/xkeyval/xkeyval.sty
Package: xkeyval 2014/12/03 v2.7a package option processing (HA)

(/usr/share/texlive/texmf-dist/tex/generic/xkeyval/xkeyval.tex
(/usr/share/texlive/texmf-dist/tex/generic/xkeyval/xkvutils.tex
\XKV@toks=\toks39
\XKV@tempa@toks=\toks40
)
\XKV@depth=\count450
File: xkeyval.tex 2014/12/03 v2.7a key=value parser (HA)
))
(/usr/share/texlive/texmf-dist/tex/latex/glossaries/base/glossaries.sty
Package: glossaries 2020/02/13 v4.45 (NLCT)

(/usr/share/texlive/texmf-dist/tex/latex/mfirstuc/mfirstuc.sty
Package: mfirstuc 2017/11/14 v2.06 (NLCT)
\@glsmfirst=\toks41
\@glsmrest=\toks42
)
(/usr/share/texlive/texmf-dist/tex/latex/textcase/textcase.sty
Package: textcase 2019/09/14 v1.00 Text only upper/lower case changing (DPC)
)
(/usr/share/texlive/texmf-dist/tex/latex/xfor/xfor.sty
Package: xfor 2009/02/05 v1.05 (NLCT)
)
(/usr/share/texlive/texmf-dist/tex/latex/datatool/datatool-base.sty
Package: datatool-base 2019/09/27 v2.32 (NLCT)

(/usr/share/texlive/texmf-dist/tex/latex/substr/substr.sty
Package: substr 2009/10/20 v1.2 Handle substrings
\c@su@anzahl=\count451
)
(/usr/share/texlive/texmf-dist/tex/latex/datatool/datatool-fp.sty
Package: datatool-fp 2019/09/27 v2.32 (NLCT)

(/usr/share/texlive/texmf-dist/tex/latex/fp/fp.sty
Package: fp 1995/04/02

`Fixed Point Package', Version 0.8, April 2, 1995 (C) Michael Mehlich
(/usr/share/texlive/texmf-dist/tex/latex/fp/defpattern.sty
Package: defpattern 1994/10/12
\actioncount=\count452
)
(/usr/share/texlive/texmf-dist/tex/latex/fp/fp-basic.sty
Package: fp-basic 1996/05/13
\FP@xs=\count453
\FP@xia=\count454
\FP@xib=\count455
\FP@xfa=\count456
\FP@xfb=\count457
\FP@rega=\count458
\FP@regb=\count459
\FP@regs=\count460
\FP@times=\count461
)
(/usr/share/texlive/texmf-dist/tex/latex/fp/fp-addons.sty
Package: fp-addons 1995/03/15
)
(/usr/share/texlive/texmf-dist/tex/latex/fp/fp-snap.sty
Package: fp-snap 1995/04/05
)
(/usr/share/texlive/texmf-dist/tex/latex/fp/fp-exp.sty
Package: fp-exp 1995/04/03
)
(/usr/share/texlive/texmf-dist/tex/latex/fp/fp-trigo.sty
Package: fp-trigo 1995/04/14
)
(/usr/share/texlive/texmf-dist/tex/latex/fp/fp-pas.sty
Package: fp-pas 1994/08/29
)
(/usr/share/texlive/texmf-dist/tex/latex/fp/fp-random.sty
Package: fp-random 1995/02/23
\FPseed=\count462
)
(/usr/share/texlive/texmf-dist/tex/latex/fp/fp-eqn.sty
Package: fp-eqn 1995/04/03
)
(/usr/share/texlive/texmf-dist/tex/latex/fp/fp-upn.sty
Package: fp-upn 1996/10/21
)
(/usr/share/texlive/texmf-dist/tex/latex/fp/fp-eval.sty
Package: fp-eval 1995/04/03
)))
\@dtl@toks=\toks43
\@dtl@tmpcount=\count463
\dtl@tmplength=\skip273
\dtl@sortresult=\count464
\@dtl@numgrpsepcount=\count465
\@dtl@datatype=\count466
\dtl@codeA=\count467
\dtl@codeB=\count468
\@dtl@foreach@level=\count469
)
(/usr/share/texlive/texmf-dist/tex/latex/glossaries/base/glossaries-compatible-
307.sty
Package: glossaries-compatible-307 2020/02/13 v4.45 (NLCT)
) (/usr/share/texlive/texmf-dist/tex/latex/tracklang/tracklang.sty
Package: tracklang 2019/11/30 v1.4 (NLCT) Track Languages

(/usr/share/texlive/texmf-dist/tex/generic/tracklang/tracklang.tex))
(/usr/share/texlive/texmf-dist/tex/latex/glossaries-english/glossaries-english.
ldf
File: glossaries-english.ldf 2014/11/23 v1.0
)
\gls@level=\count470
\@gls@tmpb=\toks44
\gls@tmplen=\skip274
\glskeylisttok=\toks45
\glslabeltok=\toks46
\glsshorttok=\toks47
\glslongtok=\toks48

(/usr/share/texlive/texmf-dist/tex/latex/glossaries/styles/glossary-hypernav.st
y
Package: glossary-hypernav 2020/02/13 v4.45 (NLCT)
) (/usr/share/texlive/texmf-dist/tex/latex/glossaries/styles/glossary-list.sty
Package: glossary-list 2020/02/13 v4.45 (NLCT)
\glslistdottedwidth=\skip275
) (/usr/share/texlive/texmf-dist/tex/latex/glossaries/styles/glossary-long.sty
Package: glossary-long 2020/02/13 v4.45 (NLCT)

(/usr/share/texlive/texmf-dist/tex/latex/tools/longtable.sty
Package: longtable 2020/01/07 v4.13 Multi-page Table package (DPC)
\LTleft=\skip276
\LTright=\skip277
\LTpre=\skip278
\LTpost=\skip279
\LTchunksize=\count471
\LTcapwidth=\dimen269
\LT@head=\box70
\LT@firsthead=\box71
\LT@foot=\box72
\LT@lastfoot=\box73
\LT@cols=\count472
\LT@rows=\count473
\c@LT@tables=\count474
\c@LT@chunks=\count475
\LT@p@ftn=\toks49
)
\glsdescwidth=\skip280
\glspagelistwidth=\skip281
)
(/usr/share/texlive/texmf-dist/tex/latex/glossaries/styles/glossary-super.sty
Package: glossary-super 2020/02/13 v4.45 (NLCT)

(/usr/share/texlive/texmf-dist/tex/latex/supertabular/supertabular.sty
Package: supertabular 2020/02/02 v4.1g the supertabular environment
\c@tracingst=\count476
\ST@wd=\dimen270
\ST@rightskip=\skip282
\ST@leftskip=\skip283
\ST@parfillskip=\skip284
\ST@pageleft=\dimen271
\ST@headht=\dimen272
\ST@tailht=\dimen273
\ST@pagesofar=\dimen274
\ST@pboxht=\dimen275
\ST@lineht=\dimen276
\ST@prevht=\dimen277
\ST@toadd=\dimen278
\ST@dimen=\dimen279
\ST@pbox=\box74
))
(/usr/share/texlive/texmf-dist/tex/latex/glossaries/styles/glossary-tree.sty
Package: glossary-tree 2020/02/13 v4.45 (NLCT)
\glstreeindent=\skip285
))
\glsxtrresourcecount=\count477
\@glsxtrnewgls@inner=\count478
\glsshortpltok=\toks50
\glslongpltok=\toks51
)
\glswrite=\write4
\glo@main@file=\write5
\openout5 = `chapter5.glo'.

Package glossaries Info: Writing glossary file chapter5.glo on input line 12.
\glo@acronym@file=\write6
\openout6 = `chapter5.acn'.

Package glossaries Info: Writing glossary file chapter5.acn on input line 12.
\glo@symbols@file=\write7
\openout7 = `chapter5.slo'.

Package glossaries Info: Writing glossary file chapter5.slo on input line 12.
)

Package biblatex Warning: 'babel/polyglossia' detected but 'csquotes' missing.
(biblatex)                Loading 'csquotes' recommended.

\@quotelevel=\count479
\@quotereset=\count480
(./chapter5.aux
(/usr/share/texlive/texmf-dist/tex/generic/babel/locale/en/babel-english.tex
Package babel Info: Importing font and identification data for english
(babel)             from babel-en.ini. Reported on input line 11.
)

LaTeX Warning: Label `subfig:top_view' multiply defined.


LaTeX Warning: Label `sub@subfig:top_view' multiply defined.


LaTeX Warning: Label `subfig:top_view' multiply defined.


LaTeX Warning: Label `sub@subfig:top_view' multiply defined.


LaTeX Warning: Label `subfig:top_view' multiply defined.


LaTeX Warning: Label `sub@subfig:top_view' multiply defined.


LaTeX Warning: Label `subfig:top_view' multiply defined.


LaTeX Warning: Label `sub@subfig:top_view' multiply defined.

)
\openout1 = `chapter5.aux'.

LaTeX Font Info:    Checking defaults for OML/cmm/m/it on input line 106.
LaTeX Font Info:    ... okay on input line 106.
LaTeX Font Info:    Checking defaults for OMS/cmsy/m/n on input line 106.
LaTeX Font Info:    ... okay on input line 106.
LaTeX Font Info:    Checking defaults for OT1/cmr/m/n on input line 106.
LaTeX Font Info:    ... okay on input line 106.
LaTeX Font Info:    Checking defaults for T1/cmr/m/n on input line 106.
LaTeX Font Info:    ... okay on input line 106.
LaTeX Font Info:    Checking defaults for TS1/cmr/m/n on input line 106.
LaTeX Font Info:    ... okay on input line 106.
LaTeX Font Info:    Checking defaults for OMX/cmex/m/n on input line 106.
LaTeX Font Info:    ... okay on input line 106.
LaTeX Font Info:    Checking defaults for U/cmr/m/n on input line 106.
LaTeX Font Info:    ... okay on input line 106.
LaTeX Font Info:    Checking defaults for LAE/cmr/m/n on input line 106.
LaTeX Font Info:    Trying to load font information for LAE+cmr on input line 1
06.
 (/usr/share/texlive/texmf-dist/tex/latex/arabi/laecmr.fd
File: laecmr.fd 2006/01/01 v0.1 LaTeX Arabic default font description (test ver
sion: may change)
)
LaTeX Font Info:    ... okay on input line 106.
LaTeX Font Info:    Checking defaults for PD1/pdf/m/n on input line 106.
LaTeX Font Info:    ... okay on input line 106.
LaTeX Font Info:    Trying to load font information for T1+ptm on input line 10
6.

(/usr/share/texlive/texmf-dist/tex/latex/psnfss/t1ptm.fd
File: t1ptm.fd 2001/06/04 font definitions for T1/ptm.
)
Package biblatex Info: Trying to load language 'english' -> 'english-apa'...
Package biblatex Info: ... file 'english-apa.lbx' found.

(/usr/share/texlive/texmf-dist/tex/latex/biblatex-apa/english-apa.lbx
File: english-apa.lbx 2020/02/01 v9.5 APA biblatex localisation
Package biblatex Info: Trying to load language 'english'...
Package biblatex Info: ... file 'english.lbx' found.

(/usr/share/texlive/texmf-dist/tex/latex/biblatex/lbx/english.lbx
File: english.lbx 2019/12/01 v3.14 biblatex localization (PK/MW)
)
Package biblatex Info: Trying to load language 'american' -> 'american-apa'...
Package biblatex Info: ... file 'american-apa.lbx' found.

(/usr/share/texlive/texmf-dist/tex/latex/biblatex-apa/american-apa.lbx
File: american-apa.lbx 2020/02/01 v9.5 APA biblatex localisation
Package biblatex Info: Trying to load language 'american'...
Package biblatex Info: ... file 'american.lbx' found.

(/usr/share/texlive/texmf-dist/tex/latex/biblatex/lbx/american.lbx
File: american.lbx 2019/12/01 v3.14 biblatex localization (PK/MW)
Package biblatex Info: Trying to load language 'english'...
Package biblatex Info: ... file 'english.lbx' found.

(/usr/share/texlive/texmf-dist/tex/latex/biblatex/lbx/english.lbx
File: english.lbx 2019/12/01 v3.14 biblatex localization (PK/MW)
))))
Package biblatex Info: Input encoding 'utf8' detected.
Package biblatex Info: Data encoding 'utf8' specified.
(biblatex)             No need to reencode data.
\openout3 = `chapter5.bcf'.

Package biblatex Info: Trying to load bibliographic data...
Package biblatex Info: ... file 'chapter5.bbl' not found.

No file chapter5.bbl.
Package biblatex Info: Reference section=0 on input line 106.
Package biblatex Info: Reference segment=0 on input line 106.
(/usr/share/texlive/texmf-dist/tex/context/base/mkii/supp-pdf.mkii
[Loading MPS to PDF converter (version 2006.09.02).]
\scratchcounter=\count481
\scratchdimen=\dimen280
\scratchbox=\box75
\nofMPsegments=\count482
\nofMParguments=\count483
\everyMPshowfont=\toks52
\MPscratchCnt=\count484
\MPscratchDim=\dimen281
\MPnumerator=\count485
\makeMPintoPDFobject=\count486
\everyMPtoPDFconversion=\toks53
) (/usr/share/texlive/texmf-dist/tex/latex/epstopdf-pkg/epstopdf-base.sty
Package: epstopdf-base 2020-01-24 v2.11 Base part for package epstopdf
Package epstopdf-base Info: Redefining graphics rule for `.eps' on input line 4
85.

(/usr/share/texlive/texmf-dist/tex/latex/latexconfig/epstopdf-sys.cfg
File: epstopdf-sys.cfg 2010/07/13 v1.3 Configuration of (r)epstopdf for TeX Liv
e
))
Package caption Info: Begin \AtBeginDocument code.
Package caption Info: float package is loaded.
Package caption Info: hyperref package is loaded.
Package caption Info: longtable package is loaded.

(/usr/share/texlive/texmf-dist/tex/latex/caption/ltcaption.sty
Package: ltcaption 2018/08/26 v1.4a longtable captions (AR)
)
Package caption Info: supertabular package is loaded.
Package caption Info: End \AtBeginDocument code.
\AtBeginShipoutBox=\box76
Package hyperref Info: Link coloring OFF on input line 106.

(/usr/share/texlive/texmf-dist/tex/latex/hyperref/nameref.sty
Package: nameref 2019/09/16 v2.46 Cross-referencing by name of section

(/usr/share/texlive/texmf-dist/tex/latex/refcount/refcount.sty
Package: refcount 2019/12/15 v3.6 Data extraction from label references (HO)
)
(/usr/share/texlive/texmf-dist/tex/generic/gettitlestring/gettitlestring.sty
Package: gettitlestring 2019/12/15 v1.6 Cleanup title references (HO)
)
\c@section@level=\count487
)
LaTeX Info: Redefining \ref on input line 106.
LaTeX Info: Redefining \pageref on input line 106.
LaTeX Info: Redefining \nameref on input line 106.

(./chapter5.out) (./chapter5.out)
\@outlinefile=\write8
\openout8 = `chapter5.out'.


*geometry* driver: auto-detecting
*geometry* detected driver: pdftex
*geometry* verbose mode - [ preamble ] result:
* driver: pdftex
* paper: a4paper
* layout: <same size as paper>
* layoutoffset:(h,v)=(0.0pt,0.0pt)
* modes: 
* h-part:(L,W,R)=(108.12054pt, 418.25545pt, 71.13188pt)
* v-part:(T,H,B)=(71.13188pt, 688.5567pt, 85.35826pt)
* \paperwidth=597.50787pt
* \paperheight=845.04684pt
* \textwidth=418.25545pt
* \textheight=688.5567pt
* \oddsidemargin=35.85056pt
* \evensidemargin=35.85056pt
* \topmargin=-33.0119pt
* \headheight=12.0pt
* \headsep=19.8738pt
* \topskip=12.0pt
* \footskip=48.36958pt
* \marginparwidth=38.0pt
* \marginparsep=7.0pt
* \columnsep=10.0pt
* \skip\footins=10.8pt plus 4.0pt minus 2.0pt
* \hoffset=0.0pt
* \voffset=0.0pt
* \mag=1000
* \@twocolumnfalse
* \@twosidefalse
* \@mparswitchfalse
* \@reversemarginfalse
* (1in=72.27pt=25.4mm, 1cm=28.453pt)

)
Chapter 1.

Overfull \hbox (40.27992pt too wide) in paragraph at lines 4--4
|[]\T1/ptm/b/n/12 BENCHMARKING EX-PER-I-MENT DE-SIGN AND RE-SULT ON THE SAMPLIN
G-
 []


LaTeX Warning: Reference `eq:configuration_vector' on page 1 undefined on input
 line 11.


(/home/asl/version-control/ws_thesis/writing_papers/resampling_planning_in_dyna
mic_environment/equations/benchmark_pose_vector.tex
LaTeX Font Info:    Trying to load font information for OT1+ztmcm on input line
 1.

(/usr/share/texlive/texmf-dist/tex/latex/psnfss/ot1ztmcm.fd
File: ot1ztmcm.fd 2000/01/03 Fontinst v1.801 font definitions for OT1/ztmcm.
)
LaTeX Font Info:    Trying to load font information for OML+ztmcm on input line
 1.

(/usr/share/texlive/texmf-dist/tex/latex/psnfss/omlztmcm.fd
File: omlztmcm.fd 2000/01/03 Fontinst v1.801 font definitions for OML/ztmcm.
)
LaTeX Font Info:    Trying to load font information for OMS+ztmcm on input line
 1.

(/usr/share/texlive/texmf-dist/tex/latex/psnfss/omsztmcm.fd
File: omsztmcm.fd 2000/01/03 Fontinst v1.801 font definitions for OMS/ztmcm.
)
LaTeX Font Info:    Trying to load font information for OMX+ztmcm on input line
 1.

(/usr/share/texlive/texmf-dist/tex/latex/psnfss/omxztmcm.fd
File: omxztmcm.fd 2000/01/03 Fontinst v1.801 font definitions for OMX/ztmcm.
)
LaTeX Font Info:    Trying to load font information for U+esint on input line 1
.

(/usr/share/texlive/texmf-dist/tex/latex/esint/uesint.fd
File: uesint.fd 
)
LaTeX Font Info:    Trying to load font information for OT1+ptm on input line 1
.

(/usr/share/texlive/texmf-dist/tex/latex/psnfss/ot1ptm.fd
File: ot1ptm.fd 2001/06/04 font definitions for OT1/ptm.
)
LaTeX Font Info:    Font shape `OT1/ptm/bx/n' in size <12> not available
(Font)              Font shape `OT1/ptm/b/n' tried instead on input line 1.
LaTeX Font Info:    Font shape `OT1/ptm/bx/n' in size <9> not available
(Font)              Font shape `OT1/ptm/b/n' tried instead on input line 1.
LaTeX Font Info:    Font shape `OT1/ptm/bx/n' in size <7> not available
(Font)              Font shape `OT1/ptm/b/n' tried instead on input line 1.
)
(/home/asl/version-control/ws_thesis/writing_papers/resampling_planning_in_dyna
mic_environment/equations/box_pose.tex)
(/home/asl/version-control/ws_thesis/writing_papers/resampling_planning_in_dyna
mic_environment/figures/benchmark_simulation.tex
</home/asl/version-control/ws_thesis/writing_papers/resampling_planning_in_dyna
mic_environment/figures/benchmark_simulation_top.png, id=37, 1891.065pt x 953.5
625pt>
File: /home/asl/version-control/ws_thesis/writing_papers/resampling_planning_in
_dynamic_environment/figures/benchmark_simulation_top.png Graphic file (type pn
g)
<use /home/asl/version-control/ws_thesis/writing_papers/resampling_planning_in_
dynamic_environment/figures/benchmark_simulation_top.png>
Package pdftex.def Info: /home/asl/version-control/ws_thesis/writing_papers/res
ampling_planning_in_dynamic_environment/figures/benchmark_simulation_top.png  u
sed on input line 6.
(pdftex.def)             Requested size: 313.69157pt x 158.17493pt.
</home/asl/version-control/ws_thesis/writing_papers/resampling_planning_in_dyna
mic_environment/figures/benchmark_simulation_iso2.png, id=39, 1378.14874pt x 94
5.5325pt>
File: /home/asl/version-control/ws_thesis/writing_papers/resampling_planning_in
_dynamic_environment/figures/benchmark_simulation_iso2.png Graphic file (type p
ng)
<use /home/asl/version-control/ws_thesis/writing_papers/resampling_planning_in_
dynamic_environment/figures/benchmark_simulation_iso2.png>
Package pdftex.def Info: /home/asl/version-control/ws_thesis/writing_papers/res
ampling_planning_in_dynamic_environment/figures/benchmark_simulation_iso2.png  
used on input line 10.
(pdftex.def)             Requested size: 313.69157pt x 215.21718pt.
</home/asl/version-control/ws_thesis/writing_papers/resampling_planning_in_dyna
mic_environment/figures/benchmark_avoiding_obs.png, id=40, 1895.08pt x 959.585p
t>
File: /home/asl/version-control/ws_thesis/writing_papers/resampling_planning_in
_dynamic_environment/figures/benchmark_avoiding_obs.png Graphic file (type png)

<use /home/asl/version-control/ws_thesis/writing_papers/resampling_planning_in_
dynamic_environment/figures/benchmark_avoiding_obs.png>
Package pdftex.def Info: /home/asl/version-control/ws_thesis/writing_papers/res
ampling_planning_in_dynamic_environment/figures/benchmark_avoiding_obs.png  use
d on input line 14.
(pdftex.def)             Requested size: 313.69157pt x 158.83716pt.
)
(/home/asl/version-control/ws_thesis/writing_papers/resampling_planning_in_dyna
mic_environment/figures/benchmarking_process_time.tex
</home/asl/version-control/ws_thesis/writing_papers/resampling_planning_in_dyna
mic_environment/figures/benchmarking_process_time.png, id=41, 1540.75626pt x 97
0.62625pt>
File: /home/asl/version-control/ws_thesis/writing_papers/resampling_planning_in
_dynamic_environment/figures/benchmarking_process_time.png Graphic file (type p
ng)
<use /home/asl/version-control/ws_thesis/writing_papers/resampling_planning_in_
dynamic_environment/figures/benchmarking_process_time.png>
Package pdftex.def Info: /home/asl/version-control/ws_thesis/writing_papers/res
ampling_planning_in_dynamic_environment/figures/benchmarking_process_time.png  
used on input line 4.
(pdftex.def)             Requested size: 418.25545pt x 263.47958pt.
)

LaTeX Warning: Citation 'Wei2018' on page 1 undefined on input line 43.

[1

\openout4 = `chapter5.ist'.


{/var/lib/texmf/fonts/map/pdftex/updmap/pdftex.map}] [2 </home/asl/version-cont
rol/ws_thesis/writing_papers/resampling_planning_in_dynamic_environment/figures
/benchmark_simulation_top.png> </home/asl/version-control/ws_thesis/writing_pap
ers/resampling_planning_in_dynamic_environment/figures/benchmark_simulation_iso
2.png> </home/asl/version-control/ws_thesis/writing_papers/resampling_planning_
in_dynamic_environment/figures/benchmark_avoiding_obs.png>]
Overfull \hbox (11.15724pt too wide) in paragraph at lines 54--54
|[]\T1/ptm/b/n/12 EXPERIMENT DE-SIGN FOR UN-PRE-DICTABLE OB-STA-CLES US-ING RRT

 []


(/home/asl/version-control/ws_thesis/thesis_latex/chapter5/equations/rrt_prm_st
atic_obs_pose_vector.tex)
(/home/asl/version-control/ws_thesis/thesis_latex/chapter5/figures/initial_goal
_pose_static_obstacle.tex
</home/asl/version-control/ws_thesis/thesis_latex/chapter5/figures/initial_goal
_pose_static_obstacle.png, id=67, 1314.9125pt x 928.46875pt>
File: /home/asl/version-control/ws_thesis/thesis_latex/chapter5/figures/initial
_goal_pose_static_obstacle.png Graphic file (type png)
<use /home/asl/version-control/ws_thesis/thesis_latex/chapter5/figures/initial_
goal_pose_static_obstacle.png>
Package pdftex.def Info: /home/asl/version-control/ws_thesis/thesis_latex/chapt
er5/figures/initial_goal_pose_static_obstacle.png  used on input line 4.
(pdftex.def)             Requested size: 418.25545pt x 295.331pt.
) [3 </home/asl/version-control/ws_thesis/writing_papers/resampling_planning_in
_dynamic_environment/figures/benchmarking_process_time.png>] [4 </home/asl/vers
ion-control/ws_thesis/thesis_latex/chapter5/figures/initial_goal_pose_static_ob
stacle.png>]
(/home/asl/version-control/ws_thesis/writing_papers/resampling_planning_in_dyna
mic_environment/equations/experiment_table.tex)

LaTeX Warning: Reference `algo:cycle_space' on page 5 undefined on input line 1
21.


LaTeX Warning: Reference `ln:cs_RRT1' on page 5 undefined on input line 122.


LaTeX Warning: Reference `ln:cs_RRT2' on page 5 undefined on input line 122.


LaTeX Warning: Reference `algo:RRT' on page 5 undefined on input line 123.


LaTeX Warning: Reference `ln:initialize_tree' on page 5 undefined on input line
 123.


LaTeX Warning: Reference `ln:initialize_tree' on page 5 undefined on input line
 126.


(/home/asl/version-control/ws_thesis/writing_papers/resampling_planning_in_dyna
mic_environment/figures/obs_avoidance_fail.tex
</home/asl/version-control/ws_thesis/writing_papers/resampling_planning_in_dyna
mic_environment/figures/obs_avoidance_fail1.png, id=87, 1192.455pt x 1082.0425p
t>
File: /home/asl/version-control/ws_thesis/writing_papers/resampling_planning_in
_dynamic_environment/figures/obs_avoidance_fail1.png Graphic file (type png)
<use /home/asl/version-control/ws_thesis/writing_papers/resampling_planning_in_
dynamic_environment/figures/obs_avoidance_fail1.png>
Package pdftex.def Info: /home/asl/version-control/ws_thesis/writing_papers/res
ampling_planning_in_dynamic_environment/figures/obs_avoidance_fail1.png  used o
n input line 6.
(pdftex.def)             Requested size: 167.29962pt x 151.79861pt.
</home/asl/version-control/ws_thesis/writing_papers/resampling_planning_in_dyna
mic_environment/figures/obs_avoidance_fail2.png, id=88, 1191.45125pt x 1083.046
25pt>
File: /home/asl/version-control/ws_thesis/writing_papers/resampling_planning_in
_dynamic_environment/figures/obs_avoidance_fail2.png Graphic file (type png)
<use /home/asl/version-control/ws_thesis/writing_papers/resampling_planning_in_
dynamic_environment/figures/obs_avoidance_fail2.png>
Package pdftex.def Info: /home/asl/version-control/ws_thesis/writing_papers/res
ampling_planning_in_dynamic_environment/figures/obs_avoidance_fail2.png  used o
n input line 10.
(pdftex.def)             Requested size: 167.29962pt x 152.07164pt.
</home/asl/version-control/ws_thesis/writing_papers/resampling_planning_in_dyna
mic_environment/figures/obs_avoidance_fail3.png, id=89, 1191.45125pt x 1084.05p
t>
File: /home/asl/version-control/ws_thesis/writing_papers/resampling_planning_in
_dynamic_environment/figures/obs_avoidance_fail3.png Graphic file (type png)
<use /home/asl/version-control/ws_thesis/writing_papers/resampling_planning_in_
dynamic_environment/figures/obs_avoidance_fail3.png>
Package pdftex.def Info: /home/asl/version-control/ws_thesis/writing_papers/res
ampling_planning_in_dynamic_environment/figures/obs_avoidance_fail3.png  used o
n input line 14.
(pdftex.def)             Requested size: 167.29962pt x 152.21257pt.
</home/asl/version-control/ws_thesis/writing_papers/resampling_planning_in_dyna
mic_environment/figures/obs_avoidance_fail4.png, id=90, 1191.45125pt x 1084.05p
t>
File: /home/asl/version-control/ws_thesis/writing_papers/resampling_planning_in
_dynamic_environment/figures/obs_avoidance_fail4.png Graphic file (type png)
<use /home/asl/version-control/ws_thesis/writing_papers/resampling_planning_in_
dynamic_environment/figures/obs_avoidance_fail4.png>
Package pdftex.def Info: /home/asl/version-control/ws_thesis/writing_papers/res
ampling_planning_in_dynamic_environment/figures/obs_avoidance_fail4.png  used o
n input line 18.
(pdftex.def)             Requested size: 167.29962pt x 152.21257pt.
</home/asl/version-control/ws_thesis/writing_papers/resampling_planning_in_dyna
mic_environment/figures/obs_avoidance_fail5.png, id=91, 1192.455pt x 1084.05pt>

File: /home/asl/version-control/ws_thesis/writing_papers/resampling_planning_in
_dynamic_environment/figures/obs_avoidance_fail5.png Graphic file (type png)
<use /home/asl/version-control/ws_thesis/writing_papers/resampling_planning_in_
dynamic_environment/figures/obs_avoidance_fail5.png>
Package pdftex.def Info: /home/asl/version-control/ws_thesis/writing_papers/res
ampling_planning_in_dynamic_environment/figures/obs_avoidance_fail5.png  used o
n input line 22.
(pdftex.def)             Requested size: 167.29962pt x 152.08025pt.
</home/asl/version-control/ws_thesis/writing_papers/resampling_planning_in_dyna
mic_environment/figures/obs_avoidance_fail6.png, id=92, 1193.45876pt x 1083.046
25pt>
File: /home/asl/version-control/ws_thesis/writing_papers/resampling_planning_in
_dynamic_environment/figures/obs_avoidance_fail6.png Graphic file (type png)
<use /home/asl/version-control/ws_thesis/writing_papers/resampling_planning_in_
dynamic_environment/figures/obs_avoidance_fail6.png>
Package pdftex.def Info: /home/asl/version-control/ws_thesis/writing_papers/res
ampling_planning_in_dynamic_environment/figures/obs_avoidance_fail6.png  used o
n input line 26.
(pdftex.def)             Requested size: 167.29962pt x 151.80722pt.
)

LaTeX Warning: Reference `ln:cs_RRT1' on page 5 undefined on input line 139.


LaTeX Warning: Reference `ln:cs_RRT2' on page 5 undefined on input line 139.


LaTeX Warning: Reference `algo:cycle_space' on page 5 undefined on input line 1
40.


(/home/asl/version-control/ws_thesis/writing_papers/resampling_planning_in_dyna
mic_environment/figures/avoiding_moving_obs.tex
</home/asl/version-control/ws_thesis/writing_papers/resampling_planning_in_dyna
mic_environment/figures/avoiding_moving_obs_1.png, id=93, 1928.20375pt x 888.31
876pt>
File: /home/asl/version-control/ws_thesis/writing_papers/resampling_planning_in
_dynamic_environment/figures/avoiding_moving_obs_1.png Graphic file (type png)
<use /home/asl/version-control/ws_thesis/writing_papers/resampling_planning_in_
dynamic_environment/figures/avoiding_moving_obs_1.png>
Package pdftex.def Info: /home/asl/version-control/ws_thesis/writing_papers/res
ampling_planning_in_dynamic_environment/figures/avoiding_moving_obs_1.png  used
 on input line 6.
(pdftex.def)             Requested size: 167.29962pt x 77.07166pt.
</home/asl/version-control/ws_thesis/writing_papers/resampling_planning_in_dyna
mic_environment/figures/avoiding_moving_obs_2.png, id=94, 1930.21124pt x 885.30
75pt>
File: /home/asl/version-control/ws_thesis/writing_papers/resampling_planning_in
_dynamic_environment/figures/avoiding_moving_obs_2.png Graphic file (type png)
<use /home/asl/version-control/ws_thesis/writing_papers/resampling_planning_in_
dynamic_environment/figures/avoiding_moving_obs_2.png>
Package pdftex.def Info: /home/asl/version-control/ws_thesis/writing_papers/res
ampling_planning_in_dynamic_environment/figures/avoiding_moving_obs_2.png  used
 on input line 10.
(pdftex.def)             Requested size: 167.29962pt x 76.72934pt.
</home/asl/version-control/ws_thesis/writing_papers/resampling_planning_in_dyna
mic_environment/figures/avoiding_moving_obs_3.png, id=95, 975.645pt x 886.31125
pt>
File: /home/asl/version-control/ws_thesis/writing_papers/resampling_planning_in
_dynamic_environment/figures/avoiding_moving_obs_3.png Graphic file (type png)
<use /home/asl/version-control/ws_thesis/writing_papers/resampling_planning_in_
dynamic_environment/figures/avoiding_moving_obs_3.png>
Package pdftex.def Info: /home/asl/version-control/ws_thesis/writing_papers/res
ampling_planning_in_dynamic_environment/figures/avoiding_moving_obs_3.png  used
 on input line 14.
(pdftex.def)             Requested size: 167.29962pt x 151.96922pt.
</home/asl/version-control/ws_thesis/writing_papers/resampling_planning_in_dyna
mic_environment/figures/avoiding_moving_obs_gazebo.png, id=96, 1927.2pt x 1044.
90375pt>
File: /home/asl/version-control/ws_thesis/writing_papers/resampling_planning_in
_dynamic_environment/figures/avoiding_moving_obs_gazebo.png Graphic file (type 
png)
<use /home/asl/version-control/ws_thesis/writing_papers/resampling_planning_in_
dynamic_environment/figures/avoiding_moving_obs_gazebo.png>
Package pdftex.def Info: /home/asl/version-control/ws_thesis/writing_papers/res
ampling_planning_in_dynamic_environment/figures/avoiding_moving_obs_gazebo.png 
 used on input line 18.
(pdftex.def)             Requested size: 167.29962pt x 90.70499pt.
)
(/home/asl/version-control/ws_thesis/writing_papers/resampling_planning_in_dyna
mic_environment/figures/obs_avoidance.tex
</home/asl/version-control/ws_thesis/writing_papers/resampling_planning_in_dyna
mic_environment/figures/obs_avoidance1.png, id=97, 1927.2pt x 1064.97874pt>
File: /home/asl/version-control/ws_thesis/writing_papers/resampling_planning_in
_dynamic_environment/figures/obs_avoidance1.png Graphic file (type png)
<use /home/asl/version-control/ws_thesis/writing_papers/resampling_planning_in_
dynamic_environment/figures/obs_avoidance1.png>
Package pdftex.def Info: /home/asl/version-control/ws_thesis/writing_papers/res
ampling_planning_in_dynamic_environment/figures/obs_avoidance1.png  used on inp
ut line 6.
(pdftex.def)             Requested size: 167.29962pt x 92.44765pt.
</home/asl/version-control/ws_thesis/writing_papers/resampling_planning_in_dyna
mic_environment/figures/obs_avoidance2.png, id=98, 1924.18875pt x 1061.9675pt>
File: /home/asl/version-control/ws_thesis/writing_papers/resampling_planning_in
_dynamic_environment/figures/obs_avoidance2.png Graphic file (type png)
<use /home/asl/version-control/ws_thesis/writing_papers/resampling_planning_in_
dynamic_environment/figures/obs_avoidance2.png>
Package pdftex.def Info: /home/asl/version-control/ws_thesis/writing_papers/res
ampling_planning_in_dynamic_environment/figures/obs_avoidance2.png  used on inp
ut line 10.
(pdftex.def)             Requested size: 167.29962pt x 92.33209pt.
</home/asl/version-control/ws_thesis/writing_papers/resampling_planning_in_dyna
mic_environment/figures/obs_avoidance3.png, id=99, 1925.1925pt x 1063.975pt>
File: /home/asl/version-control/ws_thesis/writing_papers/resampling_planning_in
_dynamic_environment/figures/obs_avoidance3.png Graphic file (type png)
<use /home/asl/version-control/ws_thesis/writing_papers/resampling_planning_in_
dynamic_environment/figures/obs_avoidance3.png>
Package pdftex.def Info: /home/asl/version-control/ws_thesis/writing_papers/res
ampling_planning_in_dynamic_environment/figures/obs_avoidance3.png  used on inp
ut line 14.
(pdftex.def)             Requested size: 167.29962pt x 92.45792pt.
</home/asl/version-control/ws_thesis/writing_papers/resampling_planning_in_dyna
mic_environment/figures/obs_avoidance4.png, id=100, 1925.1925pt x 1061.9675pt>
File: /home/asl/version-control/ws_thesis/writing_papers/resampling_planning_in
_dynamic_environment/figures/obs_avoidance4.png Graphic file (type png)
<use /home/asl/version-control/ws_thesis/writing_papers/resampling_planning_in_
dynamic_environment/figures/obs_avoidance4.png>
Package pdftex.def Info: /home/asl/version-control/ws_thesis/writing_papers/res
ampling_planning_in_dynamic_environment/figures/obs_avoidance4.png  used on inp
ut line 18.
(pdftex.def)             Requested size: 167.29962pt x 92.28348pt.
</home/asl/version-control/ws_thesis/writing_papers/resampling_planning_in_dyna
mic_environment/figures/obs_avoidance5.png, id=101, 1927.2pt x 1064.97874pt>
File: /home/asl/version-control/ws_thesis/writing_papers/resampling_planning_in
_dynamic_environment/figures/obs_avoidance5.png Graphic file (type png)
<use /home/asl/version-control/ws_thesis/writing_papers/resampling_planning_in_
dynamic_environment/figures/obs_avoidance5.png>
Package pdftex.def Info: /home/asl/version-control/ws_thesis/writing_papers/res
ampling_planning_in_dynamic_environment/figures/obs_avoidance5.png  used on inp
ut line 22.
(pdftex.def)             Requested size: 167.29962pt x 92.44765pt.
</home/asl/version-control/ws_thesis/writing_papers/resampling_planning_in_dyna
mic_environment/figures/obs_avoidance6.png, id=102, 1926.19624pt x 1064.97874pt
>
File: /home/asl/version-control/ws_thesis/writing_papers/resampling_planning_in
_dynamic_environment/figures/obs_avoidance6.png Graphic file (type png)
<use /home/asl/version-control/ws_thesis/writing_papers/resampling_planning_in_
dynamic_environment/figures/obs_avoidance6.png>
Package pdftex.def Info: /home/asl/version-control/ws_thesis/writing_papers/res
ampling_planning_in_dynamic_environment/figures/obs_avoidance6.png  used on inp
ut line 26.
(pdftex.def)             Requested size: 167.29962pt x 92.4964pt.
)

LaTeX Warning: Reference `algo:cycle_space' on page 5 undefined on input line 1
47.


(/home/asl/version-control/ws_thesis/thesis_latex/chapter5/figures/reaction_joi
nt.tex
</home/asl/version-control/ws_thesis/thesis_latex/chapter5/figures/joint1u.png,
 id=106, 849.1725pt x 555.07375pt>
File: /home/asl/version-control/ws_thesis/thesis_latex/chapter5/figures/joint1u
.png Graphic file (type png)
<use /home/asl/version-control/ws_thesis/thesis_latex/chapter5/figures/joint1u.
png>
Package pdftex.def Info: /home/asl/version-control/ws_thesis/thesis_latex/chapt
er5/figures/joint1u.png  used on input line 6.
(pdftex.def)             Requested size: 167.29962pt x 109.3527pt.
</home/asl/version-control/ws_thesis/thesis_latex/chapter5/figures/joint2u.png,
 id=107, 849.1725pt x 555.07375pt>
File: /home/asl/version-control/ws_thesis/thesis_latex/chapter5/figures/joint2u
.png Graphic file (type png)
<use /home/asl/version-control/ws_thesis/thesis_latex/chapter5/figures/joint2u.
png>
Package pdftex.def Info: /home/asl/version-control/ws_thesis/thesis_latex/chapt
er5/figures/joint2u.png  used on input line 10.
(pdftex.def)             Requested size: 167.29962pt x 109.3527pt.
</home/asl/version-control/ws_thesis/thesis_latex/chapter5/figures/joint3u.png,
 id=108, 849.1725pt x 555.07375pt>
File: /home/asl/version-control/ws_thesis/thesis_latex/chapter5/figures/joint3u
.png Graphic file (type png)
<use /home/asl/version-control/ws_thesis/thesis_latex/chapter5/figures/joint3u.
png>
Package pdftex.def Info: /home/asl/version-control/ws_thesis/thesis_latex/chapt
er5/figures/joint3u.png  used on input line 14.
(pdftex.def)             Requested size: 167.29962pt x 109.3527pt.
</home/asl/version-control/ws_thesis/thesis_latex/chapter5/figures/joint123u.pn
g, id=109, 850.17625pt x 556.0775pt>
File: /home/asl/version-control/ws_thesis/thesis_latex/chapter5/figures/joint12
3u.png Graphic file (type png)
<use /home/asl/version-control/ws_thesis/thesis_latex/chapter5/figures/joint123
u.png>
Package pdftex.def Info: /home/asl/version-control/ws_thesis/thesis_latex/chapt
er5/figures/joint123u.png  used on input line 18.
(pdftex.def)             Requested size: 167.29962pt x 109.42317pt.
) [5] [6 </home/asl/version-control/ws_thesis/writing_papers/resampling_plannin
g_in_dynamic_environment/figures/obs_avoidance_fail1.png> </home/asl/version-co
ntrol/ws_thesis/writing_papers/resampling_planning_in_dynamic_environment/figur
es/obs_avoidance_fail2.png> </home/asl/version-control/ws_thesis/writing_papers
/resampling_planning_in_dynamic_environment/figures/obs_avoidance_fail3.png> </
home/asl/version-control/ws_thesis/writing_papers/resampling_planning_in_dynami
c_environment/figures/obs_avoidance_fail4.png> </home/asl/version-control/ws_th
esis/writing_papers/resampling_planning_in_dynamic_environment/figures/obs_avoi
dance_fail5.png> </home/asl/version-control/ws_thesis/writing_papers/resampling
_planning_in_dynamic_environment/figures/obs_avoidance_fail6.png>]
[7 </home/asl/version-control/ws_thesis/writing_papers/resampling_planning_in_d
ynamic_environment/figures/avoiding_moving_obs_1.png> </home/asl/version-contro
l/ws_thesis/writing_papers/resampling_planning_in_dynamic_environment/figures/a
voiding_moving_obs_2.png> </home/asl/version-control/ws_thesis/writing_papers/r
esampling_planning_in_dynamic_environment/figures/avoiding_moving_obs_3.png> </
home/asl/version-control/ws_thesis/writing_papers/resampling_planning_in_dynami
c_environment/figures/avoiding_moving_obs_gazebo.png>] [8 </home/asl/version-co
ntrol/ws_thesis/writing_papers/resampling_planning_in_dynamic_environment/figur
es/obs_avoidance1.png> </home/asl/version-control/ws_thesis/writing_papers/resa
mpling_planning_in_dynamic_environment/figures/obs_avoidance2.png> </home/asl/v
ersion-control/ws_thesis/writing_papers/resampling_planning_in_dynamic_environm
ent/figures/obs_avoidance3.png> </home/asl/version-control/ws_thesis/writing_pa
pers/resampling_planning_in_dynamic_environment/figures/obs_avoidance4.png> </h
ome/asl/version-control/ws_thesis/writing_papers/resampling_planning_in_dynamic
_environment/figures/obs_avoidance5.png> </home/asl/version-control/ws_thesis/w
riting_papers/resampling_planning_in_dynamic_environment/figures/obs_avoidance6
.png>]
(/home/asl/version-control/ws_thesis/thesis_latex/chapter5/figures/slam_odometr
y.tex
</home/asl/version-control/ws_thesis/thesis_latex/chapter5/figures/slam_odometr
y.png, id=149, 1252.68pt x 891.33pt>
File: /home/asl/version-control/ws_thesis/thesis_latex/chapter5/figures/slam_od
ometry.png Graphic file (type png)
<use /home/asl/version-control/ws_thesis/thesis_latex/chapter5/figures/slam_odo
metry.png>
Package pdftex.def Info: /home/asl/version-control/ws_thesis/thesis_latex/chapt
er5/figures/slam_odometry.png  used on input line 4.
(pdftex.def)             Requested size: 418.25545pt x 297.60796pt.
)
(/home/asl/version-control/ws_thesis/thesis_latex/chapter5/figures/slam_odom_xy
.tex
</home/asl/version-control/ws_thesis/thesis_latex/chapter5/figures/slam_odom_xy
.png, id=151, 1291.82625pt x 887.315pt>
File: /home/asl/version-control/ws_thesis/thesis_latex/chapter5/figures/slam_od
om_xy.png Graphic file (type png)
<use /home/asl/version-control/ws_thesis/thesis_latex/chapter5/figures/slam_odo
m_xy.png>
Package pdftex.def Info: /home/asl/version-control/ws_thesis/thesis_latex/chapt
er5/figures/slam_odom_xy.png  used on input line 4.
(pdftex.def)             Requested size: 418.25545pt x 287.27727pt.
)
(/home/asl/version-control/ws_thesis/thesis_latex/chapter5/figures/slam_visuali
zation.tex
</home/asl/version-control/ws_thesis/thesis_latex/chapter5/figures/slam_visuali
zation.png, id=153, 1903.11pt x 967.615pt>
File: /home/asl/version-control/ws_thesis/thesis_latex/chapter5/figures/slam_vi
sualization.png Graphic file (type png)
<use /home/asl/version-control/ws_thesis/thesis_latex/chapter5/figures/slam_vis
ualization.png>
Package pdftex.def Info: /home/asl/version-control/ws_thesis/thesis_latex/chapt
er5/figures/slam_visualization.png  used on input line 4.
(pdftex.def)             Requested size: 418.25545pt x 212.6545pt.
) [9 </home/asl/version-control/ws_thesis/thesis_latex/chapter5/figures/joint1u
.png> </home/asl/version-control/ws_thesis/thesis_latex/chapter5/figures/joint2
u.png> </home/asl/version-control/ws_thesis/thesis_latex/chapter5/figures/joint
3u.png> </home/asl/version-control/ws_thesis/thesis_latex/chapter5/figures/join
t123u.png>] [10 </home/asl/version-control/ws_thesis/thesis_latex/chapter5/figu
res/slam_odometry.png> </home/asl/version-control/ws_thesis/thesis_latex/chapte
r5/figures/slam_odom_xy.png>] (../end.tex

LaTeX Warning: Empty bibliography on input line 2.


Package glossaries Warning: No \printglossary or \printglossaries found. 
(Remove \makeglossaries if you don't want any glossaries.) 
This document will not have a glossary.

Package atveryend Info: Empty hook `BeforeClearDocument' on input line 3.
[11 </home/asl/version-control/ws_thesis/thesis_latex/chapter5/figures/slam_vis
ualization.png>]
Package atveryend Info: Empty hook `AfterLastShipout' on input line 3.
 (./chapter5.aux)
Package atveryend Info: Executing hook `AtVeryEndDocument' on input line 3.
Package atveryend Info: Executing hook `AtEndAfterFileList' on input line 3.
Package rerunfilecheck Info: File `chapter5.out' has not changed.
(rerunfilecheck)             Checksum: 0786F93A9436E8DC0AEF00D6F470C0D6;745.


LaTeX Warning: There were undefined references.


LaTeX Warning: There were multiply-defined labels.


Package biblatex Warning: Please (re)run Biber on the file:
(biblatex)                chapter5
(biblatex)                and rerun LaTeX afterwards.

Package logreq Info: Writing requests to 'chapter5.run.xml'.
\openout1 = `chapter5.run.xml'.

 ) )
(\end occurred inside a group at level 1)

### simple group (level 1) entered at line 23 ({)
### bottom level
(\end occurred when \iffalse on line 1 was incomplete) 
Here is how much of TeX's memory you used:
 33403 strings out of 481239
 614674 string characters out of 5920377
 1445880 words of memory out of 5000000
 48031 multiletter control sequences out of 15000+600000
 563296 words of font info for 79 fonts, out of 8000000 for 9000
 1141 hyphenation exceptions out of 8191
 72i,13n,109p,1176b,4846s stack positions out of 5000i,500n,10000p,200000b,80000s
{/usr/share/texlive/texmf
-dist/fonts/enc/dvips/base/8r.enc}</usr/share/texlive/texmf-dist/fonts/type1/pu
blic/amsfonts/cm/cmex10.pfb></usr/share/texlive/texmf-dist/fonts/type1/public/a
msfonts/cm/cmmi10.pfb></usr/share/texlive/texmf-dist/fonts/type1/public/amsfont
s/cm/cmr10.pfb></usr/share/texlive/texmf-dist/fonts/type1/public/amsfonts/cm/cm
sy10.pfb></usr/share/texlive/texmf-dist/fonts/type1/public/amsfonts/symbols/msb
m10.pfb></usr/share/texlive/texmf-dist/fonts/type1/urw/symbol/usyr.pfb></usr/sh
are/texlive/texmf-dist/fonts/type1/urw/symbol/usyr.pfb></usr/share/texlive/texm
f-dist/fonts/type1/urw/times/utmb8a.pfb></usr/share/texlive/texmf-dist/fonts/ty
pe1/urw/times/utmr8a.pfb></usr/share/texlive/texmf-dist/fonts/type1/urw/times/u
tmri8a.pfb>
Output written on chapter5.pdf (11 pages, 10925011 bytes).
PDF statistics:
 221 PDF objects out of 1000 (max. 8388607)
 139 compressed objects within 2 object streams
 33 named destinations out of 1000 (max. 500000)
 205 words of extra memory for PDF output out of 10000 (max. 10000000)

