This is pdfTeX, Version 3.14159265-2.6-1.40.20 (TeX Live 2019/Debian) (preloaded format=pdflatex 2022.11.7)  25 NOV 2022 09:44
entering extended mode
 restricted \write18 enabled.
 %&-line parsing enabled.
**resampling_reviewer_revision.tex
(./resampling_reviewer_revision.tex
LaTeX2e <2020-02-02> patch level 2
L3 programming layer <2020-02-14>
(/usr/share/texlive/texmf-dist/tex/latex/base/article.cls
Document Class: article 2019/12/20 v1.4l Standard LaTeX document class
(/usr/share/texlive/texmf-dist/tex/latex/base/size10.clo
File: size10.clo 2019/12/20 v1.4l Standard LaTeX file (size option)
)
\c@part=\count167
\c@section=\count168
\c@subsection=\count169
\c@subsubsection=\count170
\c@paragraph=\count171
\c@subparagraph=\count172
\c@figure=\count173
\c@table=\count174
\abovecaptionskip=\skip47
\belowcaptionskip=\skip48
\bibindent=\dimen134
)
(/usr/share/texlive/texmf-dist/tex/latex/preprint/authblk.sty
Package: authblk 2001/02/27 1.3 (PWD)
\affilsep=\skip49
\@affilsep=\skip50
\c@Maxaffil=\count175
\c@authors=\count176
\c@affil=\count177
)
(/usr/share/texlive/texmf-dist/tex/latex/import/import.sty
Package: import 2009/03/23  v 5.1
)
(/usr/share/texlive/texmf-dist/tex/latex/biblatex/biblatex.sty
Package: biblatex 2019/12/01 v3.14 programmable bibliographies (PK/MW)

(/usr/share/texlive/texmf-dist/tex/latex/pdftexcmds/pdftexcmds.sty
Package: pdftexcmds 2019/11/24 v0.31 Utility functions of pdfTeX for LuaTeX (HO
)

(/usr/share/texlive/texmf-dist/tex/generic/infwarerr/infwarerr.sty
Package: infwarerr 2019/12/03 v1.5 Providing info/warning/error messages (HO)
)
(/usr/share/texlive/texmf-dist/tex/generic/iftex/iftex.sty
Package: iftex 2019/11/07 v1.0c TeX engine tests
)
(/usr/share/texlive/texmf-dist/tex/generic/ltxcmds/ltxcmds.sty
Package: ltxcmds 2019/12/15 v1.24 LaTeX kernel commands for general use (HO)
)
Package pdftexcmds Info: \pdf@primitive is available.
Package pdftexcmds Info: \pdf@ifprimitive is available.
Package pdftexcmds Info: \pdfdraftmode found.
)
(/usr/share/texlive/texmf-dist/tex/latex/etoolbox/etoolbox.sty
Package: etoolbox 2019/09/21 v2.5h e-TeX tools for LaTeX (JAW)
\etb@tempcnta=\count178
)
(/usr/share/texlive/texmf-dist/tex/latex/graphics/keyval.sty
Package: keyval 2014/10/28 v1.15 key=value parser (DPC)
\KV@toks@=\toks14
)
(/usr/share/texlive/texmf-dist/tex/latex/kvoptions/kvoptions.sty
Package: kvoptions 2019/11/29 v3.13 Key value format for package options (HO)

(/usr/share/texlive/texmf-dist/tex/generic/kvsetkeys/kvsetkeys.sty
Package: kvsetkeys 2019/12/15 v1.18 Key value parser (HO)
))
(/usr/share/texlive/texmf-dist/tex/latex/logreq/logreq.sty
Package: logreq 2010/08/04 v1.0 xml request logger
\lrq@indent=\count179

(/usr/share/texlive/texmf-dist/tex/latex/logreq/logreq.def
File: logreq.def 2010/08/04 v1.0 logreq spec v1.0
))
(/usr/share/texlive/texmf-dist/tex/latex/base/ifthen.sty
Package: ifthen 2014/09/29 v1.1c Standard LaTeX ifthen package (DPC)
)
(/usr/share/texlive/texmf-dist/tex/latex/url/url.sty
\Urlmuskip=\muskip16
Package: url 2013/09/16  ver 3.4  Verb mode for urls, etc.
)
\c@tabx@nest=\count180
\c@listtotal=\count181
\c@listcount=\count182
\c@liststart=\count183
\c@liststop=\count184
\c@citecount=\count185
\c@citetotal=\count186
\c@multicitecount=\count187
\c@multicitetotal=\count188
\c@instcount=\count189
\c@maxnames=\count190
\c@minnames=\count191
\c@maxitems=\count192
\c@minitems=\count193
\c@citecounter=\count194
\c@maxcitecounter=\count195
\c@savedcitecounter=\count196
\c@uniquelist=\count197
\c@uniquename=\count198
\c@refsection=\count199
\c@refsegment=\count266
\c@maxextratitle=\count267
\c@maxextratitleyear=\count268
\c@maxextraname=\count269
\c@maxextradate=\count270
\c@maxextraalpha=\count271
\c@abbrvpenalty=\count272
\c@highnamepenalty=\count273
\c@lownamepenalty=\count274
\c@maxparens=\count275
\c@parenlevel=\count276
\blx@tempcnta=\count277
\blx@tempcntb=\count278
\blx@tempcntc=\count279
\blx@maxsection=\count280
\blx@maxsegment@0=\count281
\blx@notetype=\count282
\blx@parenlevel@text=\count283
\blx@parenlevel@foot=\count284
\blx@sectionciteorder@0=\count285
\blx@entrysetcounter=\count286
\labelnumberwidth=\skip51
\labelalphawidth=\skip52
\biblabelsep=\skip53
\bibitemsep=\skip54
\bibnamesep=\skip55
\bibinitsep=\skip56
\bibparsep=\skip57
\bibhang=\skip58
\blx@bcfin=\read2
\blx@bcfout=\write3
\blx@langwohyphens=\language85
\c@mincomprange=\count287
\c@maxcomprange=\count288
\c@mincompwidth=\count289
Package biblatex Info: Trying to load biblatex default data model...
Package biblatex Info: ... file 'blx-dm.def' found.

(/usr/share/texlive/texmf-dist/tex/latex/biblatex/blx-dm.def
File: blx-dm.def 2019/12/01 v3.14 biblatex localization (PK/MW)
)
Package biblatex Info: Trying to load biblatex style data model...
Package biblatex Info: ... file 'authoryear.dbx' not found.
Package biblatex Info: Trying to load biblatex custom data model...
Package biblatex Info: ... file 'biblatex-dm.cfg' not found.
\c@afterword=\count290
\c@savedafterword=\count291
\c@annotator=\count292
\c@savedannotator=\count293
\c@author=\count294
\c@savedauthor=\count295
\c@bookauthor=\count296
\c@savedbookauthor=\count297
\c@commentator=\count298
\c@savedcommentator=\count299
\c@editor=\count300
\c@savededitor=\count301
\c@editora=\count302
\c@savededitora=\count303
\c@editorb=\count304
\c@savededitorb=\count305
\c@editorc=\count306
\c@savededitorc=\count307
\c@foreword=\count308
\c@savedforeword=\count309
\c@holder=\count310
\c@savedholder=\count311
\c@introduction=\count312
\c@savedintroduction=\count313
\c@namea=\count314
\c@savednamea=\count315
\c@nameb=\count316
\c@savednameb=\count317
\c@namec=\count318
\c@savednamec=\count319
\c@translator=\count320
\c@savedtranslator=\count321
\c@shortauthor=\count322
\c@savedshortauthor=\count323
\c@shorteditor=\count324
\c@savedshorteditor=\count325
\c@labelname=\count326
\c@savedlabelname=\count327
\c@institution=\count328
\c@savedinstitution=\count329
\c@lista=\count330
\c@savedlista=\count331
\c@listb=\count332
\c@savedlistb=\count333
\c@listc=\count334
\c@savedlistc=\count335
\c@listd=\count336
\c@savedlistd=\count337
\c@liste=\count338
\c@savedliste=\count339
\c@listf=\count340
\c@savedlistf=\count341
\c@location=\count342
\c@savedlocation=\count343
\c@organization=\count344
\c@savedorganization=\count345
\c@origlocation=\count346
\c@savedoriglocation=\count347
\c@origpublisher=\count348
\c@savedorigpublisher=\count349
\c@publisher=\count350
\c@savedpublisher=\count351
\c@language=\count352
\c@savedlanguage=\count353
\c@origlanguage=\count354
\c@savedoriglanguage=\count355
\c@pageref=\count356
\c@savedpageref=\count357
\shorthandwidth=\skip59
\shortjournalwidth=\skip60
\shortserieswidth=\skip61
\shorttitlewidth=\skip62
\shortauthorwidth=\skip63
\shorteditorwidth=\skip64
\locallabelnumberwidth=\skip65
\locallabelalphawidth=\skip66
\localshorthandwidth=\skip67
\localshortjournalwidth=\skip68
\localshortserieswidth=\skip69
\localshorttitlewidth=\skip70
\localshortauthorwidth=\skip71
\localshorteditorwidth=\skip72
Package biblatex Info: Trying to load compatibility code...
Package biblatex Info: ... file 'blx-compat.def' found.

(/usr/share/texlive/texmf-dist/tex/latex/biblatex/blx-compat.def
File: blx-compat.def 2019/12/01 v3.14 biblatex compatibility (PK/MW)
)
Package biblatex Info: Trying to load generic definitions...
Package biblatex Info: ... file 'biblatex.def' found.

(/usr/share/texlive/texmf-dist/tex/latex/biblatex/biblatex.def
File: biblatex.def 2019/12/01 v3.14 biblatex compatibility (PK/MW)
\c@textcitecount=\count358
\c@textcitetotal=\count359
\c@textcitemaxnames=\count360
\c@biburlbigbreakpenalty=\count361
\c@biburlbreakpenalty=\count362
\c@biburlnumpenalty=\count363
\c@biburlucpenalty=\count364
\c@biburllcpenalty=\count365
\biburlbigskip=\muskip17
\biburlnumskip=\muskip18
\biburlucskip=\muskip19
\biburllcskip=\muskip20
\c@smartand=\count366
)
Package biblatex Info: Trying to load bibliography style 'authoryear'...
Package biblatex Info: ... file 'authoryear.bbx' found.

(/usr/share/texlive/texmf-dist/tex/latex/biblatex/bbx/authoryear.bbx
File: authoryear.bbx 2019/12/01 v3.14 biblatex bibliography style (PK/MW)
Package biblatex Info: Trying to load bibliography style 'standard'...
Package biblatex Info: ... file 'standard.bbx' found.

(/usr/share/texlive/texmf-dist/tex/latex/biblatex/bbx/standard.bbx
File: standard.bbx 2019/12/01 v3.14 biblatex bibliography style (PK/MW)
\c@bbx:relatedcount=\count367
\c@bbx:relatedtotal=\count368
))
Package biblatex Info: Trying to load citation style 'authoryear'...
Package biblatex Info: ... file 'authoryear.cbx' found.

(/usr/share/texlive/texmf-dist/tex/latex/biblatex/cbx/authoryear.cbx
File: authoryear.cbx 2019/12/01 v3.14 biblatex citation style (PK/MW)
Package biblatex Info: Redefining '\cite'.
Package biblatex Info: Redefining '\parencite'.
Package biblatex Info: Redefining '\footcite'.
Package biblatex Info: Redefining '\footcitetext'.
Package biblatex Info: Redefining '\smartcite'.
Package biblatex Info: Redefining '\textcite'.
Package biblatex Info: Redefining '\textcites'.
)
Package biblatex Info: Trying to load configuration file...
Package biblatex Info: ... file 'biblatex.cfg' found.

(/usr/share/texlive/texmf-dist/tex/latex/biblatex/biblatex.cfg
File: biblatex.cfg 
))
(/usr/share/texlive/texmf-dist/tex/latex/soul/soul.sty
Package: soul 2003/11/17 v2.4 letterspacing/underlining (mf)
\SOUL@word=\toks15
\SOUL@lasttoken=\toks16
\SOUL@cmds=\toks17
\SOUL@buffer=\toks18
\SOUL@token=\toks19
\SOUL@spaceskip=\skip73
\SOUL@ttwidth=\dimen135
\SOUL@uldp=\dimen136
\SOUL@ulht=\dimen137
)
(/usr/share/texlive/texmf-dist/tex/latex/graphics/color.sty
Package: color 2019/11/23 v1.2a Standard LaTeX Color (DPC)

(/usr/share/texlive/texmf-dist/tex/latex/graphics-cfg/color.cfg
File: color.cfg 2016/01/02 v1.6 sample color configuration
)
Package color Info: Driver file: pdftex.def on input line 147.

(/usr/share/texlive/texmf-dist/tex/latex/graphics-def/pdftex.def
File: pdftex.def 2018/01/08 v1.0l Graphics/color driver for pdftex
))
(/usr/share/texlive/texmf-dist/tex/latex/pdflscape/pdflscape.sty
Package: pdflscape 2019/12/05 v0.12 Display of landscape pages in PDF (HO)

(/usr/share/texlive/texmf-dist/tex/latex/graphics/lscape.sty
Package: lscape 2000/10/22 v3.01 Landscape Pages (DPC)

(/usr/share/texlive/texmf-dist/tex/latex/graphics/graphics.sty
Package: graphics 2019/11/30 v1.4a Standard LaTeX Graphics (DPC,SPQR)

(/usr/share/texlive/texmf-dist/tex/latex/graphics/trig.sty
Package: trig 2016/01/03 v1.10 sin cos tan (DPC)
)
(/usr/share/texlive/texmf-dist/tex/latex/graphics-cfg/graphics.cfg
File: graphics.cfg 2016/06/04 v1.11 sample graphics configuration
)
Package graphics Info: Driver file: pdftex.def on input line 105.
))
Package pdflscape Info: Auto-detected driver: pdftex on input line 81.
)
(/usr/share/texlive/texmf-dist/tex/latex/enumitem/enumitem.sty
Package: enumitem 2019/06/20 v3.9 Customized lists
\labelindent=\skip74
\enit@outerparindent=\dimen138
\enit@toks=\toks20
\enit@inbox=\box45
\enit@count@id=\count369
\enitdp@description=\count370
)
(/usr/share/texlive/texmf-dist/tex/latex/amsfonts/amssymb.sty
Package: amssymb 2013/01/14 v3.01 AMS font symbols

(/usr/share/texlive/texmf-dist/tex/latex/amsfonts/amsfonts.sty
Package: amsfonts 2013/01/14 v3.01 Basic AMSFonts support
\@emptytoks=\toks21
\symAMSa=\mathgroup4
\symAMSb=\mathgroup5
LaTeX Font Info:    Redeclaring math symbol \hbar on input line 98.
LaTeX Font Info:    Overwriting math alphabet `\mathfrak' in version `bold'
(Font)                  U/euf/m/n --> U/euf/b/n on input line 106.
))
(/usr/share/texlive/texmf-dist/tex/latex/graphics/graphicx.sty
Package: graphicx 2019/11/30 v1.2a Enhanced LaTeX Graphics (DPC,SPQR)
\Gin@req@height=\dimen139
\Gin@req@width=\dimen140
)
(/usr/share/texlive/texmf-dist/tex/latex/caption/subcaption.sty
Package: subcaption 2020/01/22 v1.3d Sub-captions (AR)

(/usr/share/texlive/texmf-dist/tex/latex/caption/caption.sty
Package: caption 2020/01/03 v3.4h Customizing captions (AR)

(/usr/share/texlive/texmf-dist/tex/latex/caption/caption3.sty
Package: caption3 2020/01/03 v1.8h caption3 kernel (AR)
Package caption3 Info: TeX engine: e-TeX on input line 61.
\captionmargin=\dimen141
\captionmargin@=\dimen142
\captionwidth=\dimen143
\caption@tempdima=\dimen144
\caption@indent=\dimen145
\caption@parindent=\dimen146
\caption@hangindent=\dimen147
Package caption Info: Standard document class detected.
)
\c@caption@flags=\count371
\c@continuedfloat=\count372
)
\c@subfigure=\count373
\c@subtable=\count374
)
(/usr/share/texlive/texmf-dist/tex/latex/amsmath/amsmath.sty
Package: amsmath 2020/01/20 v2.17e AMS math features
\@mathmargin=\skip75

For additional information on amsmath, use the `?' option.
(/usr/share/texlive/texmf-dist/tex/latex/amsmath/amstext.sty
Package: amstext 2000/06/29 v2.01 AMS text

(/usr/share/texlive/texmf-dist/tex/latex/amsmath/amsgen.sty
File: amsgen.sty 1999/11/30 v2.0 generic functions
\@emptytoks=\toks22
\ex@=\dimen148
))
(/usr/share/texlive/texmf-dist/tex/latex/amsmath/amsbsy.sty
Package: amsbsy 1999/11/29 v1.2d Bold Symbols
\pmbraise@=\dimen149
)
(/usr/share/texlive/texmf-dist/tex/latex/amsmath/amsopn.sty
Package: amsopn 2016/03/08 v2.02 operator names
)
\inf@bad=\count375
LaTeX Info: Redefining \frac on input line 227.
\uproot@=\count376
\leftroot@=\count377
LaTeX Info: Redefining \overline on input line 389.
\classnum@=\count378
\DOTSCASE@=\count379
LaTeX Info: Redefining \ldots on input line 486.
LaTeX Info: Redefining \dots on input line 489.
LaTeX Info: Redefining \cdots on input line 610.
\Mathstrutbox@=\box46
\strutbox@=\box47
\big@size=\dimen150
LaTeX Font Info:    Redeclaring font encoding OML on input line 733.
LaTeX Font Info:    Redeclaring font encoding OMS on input line 734.
\macc@depth=\count380
\c@MaxMatrixCols=\count381
\dotsspace@=\muskip21
\c@parentequation=\count382
\dspbrk@lvl=\count383
\tag@help=\toks23
\row@=\count384
\column@=\count385
\maxfields@=\count386
\andhelp@=\toks24
\eqnshift@=\dimen151
\alignsep@=\dimen152
\tagshift@=\dimen153
\tagwidth@=\dimen154
\totwidth@=\dimen155
\lineht@=\dimen156
\@envbody=\toks25
\multlinegap=\skip76
\multlinetaggap=\skip77
\mathdisplay@stack=\toks26
LaTeX Info: Redefining \[ on input line 2859.
LaTeX Info: Redefining \] on input line 2860.
)
(/usr/share/texlive/texmf-dist/tex/latex/mathtools/mathtools.sty
Package: mathtools 2020/01/17 v1.23 mathematical typesetting tools

(/usr/share/texlive/texmf-dist/tex/latex/tools/calc.sty
Package: calc 2017/05/25 v4.3 Infix arithmetic (KKT,FJ)
\calc@Acount=\count387
\calc@Bcount=\count388
\calc@Adimen=\dimen157
\calc@Bdimen=\dimen158
\calc@Askip=\skip78
\calc@Bskip=\skip79
LaTeX Info: Redefining \setlength on input line 80.
LaTeX Info: Redefining \addtolength on input line 81.
\calc@Ccount=\count389
\calc@Cskip=\skip80
)
(/usr/share/texlive/texmf-dist/tex/latex/mathtools/mhsetup.sty
Package: mhsetup 2017/03/31 v1.3 programming setup (MH)
)
LaTeX Info: Thecontrolsequence`\('isalreadyrobust on input line 129.
LaTeX Info: Thecontrolsequence`\)'isalreadyrobust on input line 129.
LaTeX Info: Thecontrolsequence`\['isalreadyrobust on input line 129.
LaTeX Info: Thecontrolsequence`\]'isalreadyrobust on input line 129.
\g_MT_multlinerow_int=\count390
\l_MT_multwidth_dim=\dimen159
\origjot=\skip81
\l_MT_shortvdotswithinadjustabove_dim=\dimen160
\l_MT_shortvdotswithinadjustbelow_dim=\dimen161
\l_MT_above_intertext_sep=\dimen162
\l_MT_below_intertext_sep=\dimen163
\l_MT_above_shortintertext_sep=\dimen164
\l_MT_below_shortintertext_sep=\dimen165
)
(/usr/share/texlive/texmf-dist/tex/latex/physics/physics.sty
Package: physics 

(/usr/share/texlive/texmf-dist/tex/latex/l3packages/xparse/xparse.sty
(/usr/share/texlive/texmf-dist/tex/latex/l3kernel/expl3.sty
Package: expl3 2020-02-14 L3 programming layer (loader) 

(/usr/share/texlive/texmf-dist/tex/latex/l3backend/l3backend-pdfmode.def
File: l3backend-pdfmode.def 2020-02-03 L3 backend support: PDF mode
\l__kernel_color_stack_int=\count391
\l__pdf_internal_box=\box48
))
Package: xparse 2020-02-14 L3 Experimental document command parser
\l__xparse_current_arg_int=\count392
\g__xparse_grabber_int=\count393
\l__xparse_m_args_int=\count394
\l__xparse_v_nesting_int=\count395
))
(/usr/share/texlive/texmf-dist/tex/latex/arydshln/arydshln.sty
Package: arydshln 2019/02/21 v1.76 
\dashlinedash=\dimen166
\dashlinegap=\dimen167
\adl@box=\box49
\adl@height=\dimen168
\adl@heightsave=\dimen169
\adl@depth=\dimen170
\adl@depthsave=\dimen171
\adl@finaldepth=\dimen172
\adl@columns=\count396
\adl@ncol=\count397
\adl@currentcolumn=\count398
\adl@currentcolumnsave=\count399
\adl@totalheight=\count400
\adl@totalheightsave=\count401
\adl@dash=\count402
\adl@gap=\count403
\adl@cla=\count404
\adl@clb=\count405
\adl@everyvbox=\toks27
\adl@LTpagetotal=\dimen173
)
(/usr/share/texlive/texmf-dist/tex/latex/float/float.sty
Package: float 2001/11/08 v1.3d Float enhancements (AL)
\c@float@type=\count406
\float@exts=\toks28
\float@box=\box50
\@float@everytoks=\toks29
\@floatcapt=\box51
)
(/usr/share/texlive/texmf-dist/tex/latex/hyperref/hyperref.sty
Package: hyperref 2020/01/14 v7.00d Hypertext links for LaTeX

(/usr/share/texlive/texmf-dist/tex/generic/kvdefinekeys/kvdefinekeys.sty
Package: kvdefinekeys 2019-12-19 v1.6 Define keys (HO)
)
(/usr/share/texlive/texmf-dist/tex/generic/pdfescape/pdfescape.sty
Package: pdfescape 2019/12/09 v1.15 Implements pdfTeX's escape features (HO)
)
(/usr/share/texlive/texmf-dist/tex/latex/hycolor/hycolor.sty
Package: hycolor 2020-01-27 v1.10 Color options for hyperref/bookmark (HO)
)
(/usr/share/texlive/texmf-dist/tex/latex/letltxmacro/letltxmacro.sty
Package: letltxmacro 2019/12/03 v1.6 Let assignment for LaTeX macros (HO)
)
(/usr/share/texlive/texmf-dist/tex/latex/auxhook/auxhook.sty
Package: auxhook 2019-12-17 v1.6 Hooks for auxiliary files (HO)
)
\@linkdim=\dimen174
\Hy@linkcounter=\count407
\Hy@pagecounter=\count408

(/usr/share/texlive/texmf-dist/tex/latex/hyperref/pd1enc.def
File: pd1enc.def 2020/01/14 v7.00d Hyperref: PDFDocEncoding definition (HO)
Now handling font encoding PD1 ...
... no UTF-8 mapping file for font encoding PD1
)
(/usr/share/texlive/texmf-dist/tex/generic/intcalc/intcalc.sty
Package: intcalc 2019/12/15 v1.3 Expandable calculations with integers (HO)
)
(/usr/share/texlive/texmf-dist/tex/generic/etexcmds/etexcmds.sty
Package: etexcmds 2019/12/15 v1.7 Avoid name clashes with e-TeX commands (HO)
)
\Hy@SavedSpaceFactor=\count409
\pdfmajorversion=\count410
Package hyperref Info: Hyper figures OFF on input line 4547.
Package hyperref Info: Link nesting OFF on input line 4552.
Package hyperref Info: Hyper index ON on input line 4555.
Package hyperref Info: Plain pages OFF on input line 4562.
Package hyperref Info: Backreferencing OFF on input line 4567.
Package hyperref Info: Implicit mode ON; LaTeX internals redefined.
Package hyperref Info: Bookmarks ON on input line 4800.
\c@Hy@tempcnt=\count411
LaTeX Info: Redefining \url on input line 5159.
\XeTeXLinkMargin=\dimen175

(/usr/share/texlive/texmf-dist/tex/generic/bitset/bitset.sty
Package: bitset 2019/12/09 v1.3 Handle bit-vector datatype (HO)

(/usr/share/texlive/texmf-dist/tex/generic/bigintcalc/bigintcalc.sty
Package: bigintcalc 2019/12/15 v1.5 Expandable calculations on big integers (HO
)
))
\Fld@menulength=\count412
\Field@Width=\dimen176
\Fld@charsize=\dimen177
Package hyperref Info: Hyper figures OFF on input line 6430.
Package hyperref Info: Link nesting OFF on input line 6435.
Package hyperref Info: Hyper index ON on input line 6438.
Package hyperref Info: backreferencing OFF on input line 6445.
Package hyperref Info: Link coloring OFF on input line 6450.
Package hyperref Info: Link coloring with OCG OFF on input line 6455.
Package hyperref Info: PDF/A mode OFF on input line 6460.
LaTeX Info: Redefining \ref on input line 6500.
LaTeX Info: Redefining \pageref on input line 6504.

(/usr/share/texlive/texmf-dist/tex/generic/atbegshi/atbegshi.sty
Package: atbegshi 2019/12/05 v1.19 At begin shipout hook (HO)
)
\Hy@abspage=\count413
\c@Item=\count414
\c@Hfootnote=\count415
)
Package hyperref Info: Driver (autodetected): hpdftex.

(/usr/share/texlive/texmf-dist/tex/latex/hyperref/hpdftex.def
File: hpdftex.def 2020/01/14 v7.00d Hyperref driver for pdfTeX

(/usr/share/texlive/texmf-dist/tex/latex/atveryend/atveryend.sty
Package: atveryend 2019-12-11 v1.11 Hooks at the very end of document (HO)
)
\Fld@listcount=\count416
\c@bookmark@seq@number=\count417

(/usr/share/texlive/texmf-dist/tex/latex/rerunfilecheck/rerunfilecheck.sty
Package: rerunfilecheck 2019/12/05 v1.9 Rerun checks for auxiliary files (HO)

(/usr/share/texlive/texmf-dist/tex/generic/uniquecounter/uniquecounter.sty
Package: uniquecounter 2019/12/15 v1.4 Provide unlimited unique counter (HO)
)
Package uniquecounter Info: New unique counter `rerunfilecheck' on input line 2
86.
)
\Hy@SectionHShift=\skip82
)
(/usr/share/texlive/texmf-dist/tex/latex/tocbibind/tocbibind.sty
Package: tocbibind 2010/10/13 v1.5k extra ToC listings
Package tocbibind Info: The document has section divisions on input line 50.


Package tocbibind Note: Using section or other style headings.

) (/usr/share/texlive/texmf-dist/tex/latex/algorithm2e/algorithm2e.sty
Package: algorithm2e 2017/07/18 v5.2 algorithms environments
\c@AlgoLine=\count418
\algocf@hangindent=\skip83

(/usr/share/texlive/texmf-dist/tex/latex/ifoddpage/ifoddpage.sty
Package: ifoddpage 2016/04/23 v1.1 Conditionals for odd/even page detection
\c@checkoddpage=\count419
)
(/usr/share/texlive/texmf-dist/tex/latex/tools/xspace.sty
Package: xspace 2014/10/28 v1.13 Space after command names (DPC,MH)
)
(/usr/share/texlive/texmf-dist/tex/latex/relsize/relsize.sty
Package: relsize 2013/03/29 ver 4.1
)
\skiptotal=\skip84
\skiplinenumber=\skip85
\skiprule=\skip86
\skiphlne=\skip87
\skiptext=\skip88
\skiplength=\skip89
\algomargin=\skip90
\skipalgocfslide=\skip91
\algowidth=\dimen178
\inoutsize=\dimen179
\inoutindent=\dimen180
\interspacetitleruled=\dimen181
\interspacealgoruled=\dimen182
\interspacetitleboxruled=\dimen183
\algocf@ruledwidth=\skip92
\algocf@inoutbox=\box52
\algocf@inputbox=\box53
\AlCapSkip=\skip93
\AlCapHSkip=\skip94
\algoskipindent=\skip95
\algocf@nlbox=\box54
\algocf@hangingbox=\box55
\algocf@untilbox=\box56
\algocf@skipuntil=\skip96
\algocf@capbox=\box57
\algocf@lcaptionbox=\skip97
\algoheightruledefault=\skip98
\algoheightrule=\skip99
\algotitleheightruledefault=\skip100
\algotitleheightrule=\skip101
\c@algocfline=\count420
\c@algocfproc=\count421
\c@algocf=\count422
\algocf@algoframe=\box58
\algocf@algobox=\box59
)
(/usr/share/texlive/texmf-dist/tex/latex/titlesec/titlesec.sty
Package: titlesec 2019/10/16 v2.13 Sectioning titles
\ttl@box=\box60
\beforetitleunit=\skip102
\aftertitleunit=\skip103
\ttl@plus=\dimen184
\ttl@minus=\dimen185
\ttl@toksa=\toks30
\titlewidth=\dimen186
\titlewidthlast=\dimen187
\titlewidthfirst=\dimen188
)
(/usr/share/texlive/texmf-dist/tex/latex/multirow/multirow.sty
Package: multirow 2019/05/31 v2.5 Span multiple rows of a table
\multirow@colwidth=\skip104
\multirow@cntb=\count423
\multirow@dima=\skip105
\bigstrutjot=\dimen189
)
(/usr/share/texlive/texmf-dist/tex/latex/l3packages/xfrac/xfrac.sty
(/usr/share/texlive/texmf-dist/tex/latex/l3packages/l3keys2e/l3keys2e.sty
Package: l3keys2e 2020-02-14 LaTeX2e option processing using LaTeX3 keys
)
(/usr/share/texlive/texmf-dist/tex/latex/base/textcomp.sty
Package: textcomp 2020/02/02 v2.0n Standard LaTeX package
)
(/usr/share/texlive/texmf-dist/tex/latex/l3packages/xtemplate/xtemplate.sty
Package: xtemplate 2020-02-14 L3 Experimental prototype document functions
\l__xtemplate_tmp_dim=\dimen190
\l__xtemplate_tmp_int=\count424
\l__xtemplate_tmp_muskip=\muskip22
\l__xtemplate_tmp_skip=\skip106
)
Package: xfrac 2020-02-14 L3 Experimental split-level fractions
\l__xfrac_slash_box=\box61
\l__xfrac_tmp_box=\box62
\l__xfrac_denominator_bot_sep_dim=\dimen191
\l__xfrac_numerator_bot_sep_dim=\dimen192
\l__xfrac_numerator_top_sep_dim=\dimen193
\l__xfrac_slash_left_sep_dim=\dimen194
\l__xfrac_slash_right_sep_dim=\dimen195
\l__xfrac_slash_left_muskip=\muskip23
\l__xfrac_slash_right_muskip=\muskip24

Package xtemplate Info: Declaring object type 'xfrac' taking 3 argument(s) on
(xtemplate)             line 80.

)
(/usr/share/texlive/texmf-dist/tex/latex/esint/esint.sty
Package: esint 
\symlargesymbolsA=\mathgroup6
)
(/usr/share/texlive/texmf-dist/tex/latex/setspace/setspace.sty
Package: setspace 2011/12/19 v6.7a set line spacing
)
(/usr/share/texlive/texmf-dist/tex/latex/geometry/geometry.sty
Package: geometry 2020/01/02 v5.9 Page Geometry

(/usr/share/texlive/texmf-dist/tex/generic/iftex/ifvtex.sty
Package: ifvtex 2019/10/25 v1.7 ifvtex legacy package. Use iftex instead.
)
\Gm@cnth=\count425
\Gm@cntv=\count426
\c@Gm@tempcnt=\count427
\Gm@bindingoffset=\dimen196
\Gm@wd@mp=\dimen197
\Gm@odd@mp=\dimen198
\Gm@even@mp=\dimen199
\Gm@layoutwidth=\dimen256
\Gm@layoutheight=\dimen257
\Gm@layouthoffset=\dimen258
\Gm@layoutvoffset=\dimen259
\Gm@dimlist=\toks31
)
(/usr/share/texlive/texmf-dist/tex/latex/fancyhdr/fancyhdr.sty
Package: fancyhdr 2019/01/31 v3.10 Extensive control of page headers and footer
s
\f@nch@headwidth=\skip107
\f@nch@O@elh=\skip108
\f@nch@O@erh=\skip109
\f@nch@O@olh=\skip110
\f@nch@O@orh=\skip111
\f@nch@O@elf=\skip112
\f@nch@O@erf=\skip113
\f@nch@O@olf=\skip114
\f@nch@O@orf=\skip115
)
\@quotelevel=\count428
\@quotereset=\count429

(./resampling_reviewer_revision.aux

LaTeX Warning: Label `eq:ee_rotation' multiply defined.


LaTeX Warning: Label `subfig:top_view' multiply defined.


LaTeX Warning: Label `sub@subfig:top_view' multiply defined.


LaTeX Warning: Label `subfig:top_view' multiply defined.


LaTeX Warning: Label `sub@subfig:top_view' multiply defined.


LaTeX Warning: Label `subfig:top_view' multiply defined.


LaTeX Warning: Label `sub@subfig:top_view' multiply defined.


LaTeX Warning: Label `subfig:top_view' multiply defined.


LaTeX Warning: Label `sub@subfig:top_view' multiply defined.

)
\openout1 = `resampling_reviewer_revision.aux'.

LaTeX Font Info:    Checking defaults for OML/cmm/m/it on input line 108.
LaTeX Font Info:    ... okay on input line 108.
LaTeX Font Info:    Checking defaults for OMS/cmsy/m/n on input line 108.
LaTeX Font Info:    ... okay on input line 108.
LaTeX Font Info:    Checking defaults for OT1/cmr/m/n on input line 108.
LaTeX Font Info:    ... okay on input line 108.
LaTeX Font Info:    Checking defaults for T1/cmr/m/n on input line 108.
LaTeX Font Info:    ... okay on input line 108.
LaTeX Font Info:    Checking defaults for TS1/cmr/m/n on input line 108.
LaTeX Font Info:    ... okay on input line 108.
LaTeX Font Info:    Checking defaults for OMX/cmex/m/n on input line 108.
LaTeX Font Info:    ... okay on input line 108.
LaTeX Font Info:    Checking defaults for U/cmr/m/n on input line 108.
LaTeX Font Info:    ... okay on input line 108.
LaTeX Font Info:    Checking defaults for PD1/pdf/m/n on input line 108.
LaTeX Font Info:    ... okay on input line 108.
Package biblatex Info: Trying to load language 'english'...
Package biblatex Info: ... file 'english.lbx' found.
 (/usr/share/texlive/texmf-dist/tex/latex/biblatex/lbx/english.lbx
File: english.lbx 2019/12/01 v3.14 biblatex localization (PK/MW)
)
Package biblatex Info: Input encoding 'utf8' detected.
Package biblatex Info: Data encoding 'utf8' specified.
(biblatex)             No need to reencode data.
\openout3 = `resampling_reviewer_revision.bcf'.

Package biblatex Info: Trying to load bibliographic data...
Package biblatex Info: ... file 'resampling_reviewer_revision.bbl' found.

(./resampling_reviewer_revision.bbl)
Package biblatex Info: Reference section=0 on input line 108.
Package biblatex Info: Reference segment=0 on input line 108.

(/usr/share/texlive/texmf-dist/tex/context/base/mkii/supp-pdf.mkii
[Loading MPS to PDF converter (version 2006.09.02).]
\scratchcounter=\count430
\scratchdimen=\dimen260
\scratchbox=\box63
\nofMPsegments=\count431
\nofMParguments=\count432
\everyMPshowfont=\toks32
\MPscratchCnt=\count433
\MPscratchDim=\dimen261
\MPnumerator=\count434
\makeMPintoPDFobject=\count435
\everyMPtoPDFconversion=\toks33
) (/usr/share/texlive/texmf-dist/tex/latex/epstopdf-pkg/epstopdf-base.sty
Package: epstopdf-base 2020-01-24 v2.11 Base part for package epstopdf
Package epstopdf-base Info: Redefining graphics rule for `.eps' on input line 4
85.

(/usr/share/texlive/texmf-dist/tex/latex/latexconfig/epstopdf-sys.cfg
File: epstopdf-sys.cfg 2010/07/13 v1.3 Configuration of (r)epstopdf for TeX Liv
e
))
Package caption Info: Begin \AtBeginDocument code.
Package caption Info: float package is loaded.
Package caption Info: hyperref package is loaded.
Package caption Info: End \AtBeginDocument code.
\AtBeginShipoutBox=\box64
Package hyperref Info: Link coloring OFF on input line 108.

(/usr/share/texlive/texmf-dist/tex/latex/hyperref/nameref.sty
Package: nameref 2019/09/16 v2.46 Cross-referencing by name of section

(/usr/share/texlive/texmf-dist/tex/latex/refcount/refcount.sty
Package: refcount 2019/12/15 v3.6 Data extraction from label references (HO)
)
(/usr/share/texlive/texmf-dist/tex/generic/gettitlestring/gettitlestring.sty
Package: gettitlestring 2019/12/15 v1.6 Cleanup title references (HO)
)
\c@section@level=\count436
)
LaTeX Info: Redefining \ref on input line 108.
LaTeX Info: Redefining \pageref on input line 108.
LaTeX Info: Redefining \nameref on input line 108.

(./resampling_reviewer_revision.out) (./resampling_reviewer_revision.out)
\@outlinefile=\write4
\openout4 = `resampling_reviewer_revision.out'.


*geometry* driver: auto-detecting
*geometry* detected driver: pdftex
*geometry* verbose mode - [ preamble ] result:
* driver: pdftex
* paper: a4paper
* layout: <same size as paper>
* layoutoffset:(h,v)=(0.0pt,0.0pt)
* modes: 
* h-part:(L,W,R)=(108.12054pt, 418.25545pt, 71.13188pt)
* v-part:(T,H,B)=(71.13188pt, 688.5567pt, 85.35826pt)
* \paperwidth=597.50787pt
* \paperheight=845.04684pt
* \textwidth=418.25545pt
* \textheight=688.5567pt
* \oddsidemargin=35.85056pt
* \evensidemargin=35.85056pt
* \topmargin=-38.1381pt
* \headheight=12.0pt
* \headsep=25.0pt
* \topskip=10.0pt
* \footskip=48.36958pt
* \marginparwidth=57.0pt
* \marginparsep=11.0pt
* \columnsep=10.0pt
* \skip\footins=9.0pt plus 4.0pt minus 2.0pt
* \hoffset=0.0pt
* \voffset=0.0pt
* \mag=1000
* \@twocolumnfalse
* \@twosidefalse
* \@mparswitchfalse
* \@reversemarginfalse
* (1in=72.27pt=25.4mm, 1cm=28.453pt)

LaTeX Font Info:    Trying to load font information for U+msa on input line 109
.
(/usr/share/texlive/texmf-dist/tex/latex/amsfonts/umsa.fd
File: umsa.fd 2013/01/14 v3.01 AMS symbols A
)
LaTeX Font Info:    Trying to load font information for U+msb on input line 109
.

(/usr/share/texlive/texmf-dist/tex/latex/amsfonts/umsb.fd
File: umsb.fd 2013/01/14 v3.01 AMS symbols B
)
LaTeX Font Info:    Trying to load font information for U+esint on input line 1
09.

(/usr/share/texlive/texmf-dist/tex/latex/esint/uesint.fd
File: uesint.fd 
) [1

{/var/lib/texmf/fonts/map/pdftex/updmap/pdftex.map}] [2]
(/home/asl/version-control/ws_thesis/writing_papers/resampling_planning_in_dyna
mic_environment/figures/r_mini_hardware.tex
</home/asl/version-control/ws_thesis/writing_papers/resampling_planning_in_dyna
mic_environment/figures/r_mini_hardware.jpeg, id=129, 609.27625pt x 1084.05pt>
File: /home/asl/version-control/ws_thesis/writing_papers/resampling_planning_in
_dynamic_environment/figures/r_mini_hardware.jpeg Graphic file (type jpg)
<use /home/asl/version-control/ws_thesis/writing_papers/resampling_planning_in_
dynamic_environment/figures/r_mini_hardware.jpeg>
Package pdftex.def Info: /home/asl/version-control/ws_thesis/writing_papers/res
ampling_planning_in_dynamic_environment/figures/r_mini_hardware.jpeg  used on i
nput line 5.
(pdftex.def)             Requested size: 167.29962pt x 297.65979pt.
</home/asl/version-control/ws_thesis/writing_papers/resampling_planning_in_dyna
mic_environment/figures/r_mini_cad.png, id=130, 577.15625pt x 750.805pt>
File: /home/asl/version-control/ws_thesis/writing_papers/resampling_planning_in
_dynamic_environment/figures/r_mini_cad.png Graphic file (type png)
<use /home/asl/version-control/ws_thesis/writing_papers/resampling_planning_in_
dynamic_environment/figures/r_mini_cad.png>
Package pdftex.def Info: /home/asl/version-control/ws_thesis/writing_papers/res
ampling_planning_in_dynamic_environment/figures/r_mini_cad.png  used on input l
ine 9.
(pdftex.def)             Requested size: 167.29962pt x 217.63622pt.


LaTeX Warning: `!h' float specifier changed to `!ht'.

)
(/home/asl/version-control/ws_thesis/writing_papers/resampling_planning_in_dyna
mic_environment/figures/r_mini_pieper.tex
</home/asl/version-control/ws_thesis/thesis_latex/chapter3/figures/r_mini_piepe
r.png, id=132, 523.9575pt x 416.55624pt>
File: /home/asl/version-control/ws_thesis/thesis_latex/chapter3/figures/r_mini_
pieper.png Graphic file (type png)
<use /home/asl/version-control/ws_thesis/thesis_latex/chapter3/figures/r_mini_p
ieper.png>
Package pdftex.def Info: /home/asl/version-control/ws_thesis/thesis_latex/chapt
er3/figures/r_mini_pieper.png  used on input line 4.
(pdftex.def)             Requested size: 418.25545pt x 332.52719pt.
)
(/home/asl/version-control/ws_thesis/writing_papers/resampling_planning_in_dyna
mic_environment/equations/transformation_matrix.tex)
(/home/asl/version-control/ws_thesis/writing_papers/resampling_planning_in_dyna
mic_environment/equations/rimini_dh_table.tex)
(/home/asl/version-control/ws_thesis/writing_papers/resampling_planning_in_dyna
mic_environment/figures/rimini_joints.tex
</home/asl/version-control/ws_thesis/writing_papers/resampling_planning_in_dyna
mic_environment/figures/r_mini_frame1.png, id=137, 1538.74875pt x 880.28876pt>
File: /home/asl/version-control/ws_thesis/writing_papers/resampling_planning_in
_dynamic_environment/figures/r_mini_frame1.png Graphic file (type png)
<use /home/asl/version-control/ws_thesis/writing_papers/resampling_planning_in_
dynamic_environment/figures/r_mini_frame1.png>
Package pdftex.def Info: /home/asl/version-control/ws_thesis/writing_papers/res
ampling_planning_in_dynamic_environment/figures/r_mini_frame1.png  used on inpu
t line 5.
(pdftex.def)             Requested size: 83.64981pt x 47.84515pt.
</home/asl/version-control/ws_thesis/writing_papers/resampling_planning_in_dyna
mic_environment/figures/r_mini_frame2.png, id=138, 1547.7825pt x 889.3225pt>
File: /home/asl/version-control/ws_thesis/writing_papers/resampling_planning_in
_dynamic_environment/figures/r_mini_frame2.png Graphic file (type png)
<use /home/asl/version-control/ws_thesis/writing_papers/resampling_planning_in_
dynamic_environment/figures/r_mini_frame2.png>
Package pdftex.def Info: /home/asl/version-control/ws_thesis/writing_papers/res
ampling_planning_in_dynamic_environment/figures/r_mini_frame2.png  used on inpu
t line 9.
(pdftex.def)             Requested size: 83.64981pt x 48.0512pt.
</home/asl/version-control/ws_thesis/writing_papers/resampling_planning_in_dyna
mic_environment/figures/r_mini_frame5.png, id=139, 1542.76375pt x 886.31125pt>
File: /home/asl/version-control/ws_thesis/writing_papers/resampling_planning_in
_dynamic_environment/figures/r_mini_frame5.png Graphic file (type png)
<use /home/asl/version-control/ws_thesis/writing_papers/resampling_planning_in_
dynamic_environment/figures/r_mini_frame5.png>
Package pdftex.def Info: /home/asl/version-control/ws_thesis/writing_papers/res
ampling_planning_in_dynamic_environment/figures/r_mini_frame5.png  used on inpu
t line 13.
(pdftex.def)             Requested size: 83.64981pt x 48.05078pt.
</home/asl/version-control/ws_thesis/writing_papers/resampling_planning_in_dyna
mic_environment/figures/r_mini_frame6.png, id=140, 1545.775pt x 885.3075pt>
File: /home/asl/version-control/ws_thesis/writing_papers/resampling_planning_in
_dynamic_environment/figures/r_mini_frame6.png Graphic file (type png)
<use /home/asl/version-control/ws_thesis/writing_papers/resampling_planning_in_
dynamic_environment/figures/r_mini_frame6.png>
Package pdftex.def Info: /home/asl/version-control/ws_thesis/writing_papers/res
ampling_planning_in_dynamic_environment/figures/r_mini_frame6.png  used on inpu
t line 17.
(pdftex.def)             Requested size: 83.64981pt x 47.9018pt.
</home/asl/version-control/ws_thesis/writing_papers/resampling_planning_in_dyna
mic_environment/figures/r_mini_local_frames.png, id=141, 1546.77875pt x 889.322
5pt>
File: /home/asl/version-control/ws_thesis/writing_papers/resampling_planning_in
_dynamic_environment/figures/r_mini_local_frames.png Graphic file (type png)
<use /home/asl/version-control/ws_thesis/writing_papers/resampling_planning_in_
dynamic_environment/figures/r_mini_local_frames.png>
Package pdftex.def Info: /home/asl/version-control/ws_thesis/writing_papers/res
ampling_planning_in_dynamic_environment/figures/r_mini_local_frames.png  used o
n input line 21.
(pdftex.def)             Requested size: 167.29962pt x 96.1838pt.


LaTeX Warning: `!h' float specifier changed to `!ht'.

) [3]
(/home/asl/version-control/ws_thesis/writing_papers/resampling_planning_in_dyna
mic_environment/equations/base_ee_transformation.tex)
(/home/asl/version-control/ws_thesis/writing_papers/resampling_planning_in_dyna
mic_environment/equations/ee_rotation.tex [4 </home/asl/version-control/ws_thes
is/writing_papers/resampling_planning_in_dynamic_environment/figures/r_mini_har
dware.jpeg> </home/asl/version-control/ws_thesis/writing_papers/resampling_plan
ning_in_dynamic_environment/figures/r_mini_cad.png>] [5 </home/asl/version-cont
rol/ws_thesis/thesis_latex/chapter3/figures/r_mini_pieper.png>])
(/home/asl/version-control/ws_thesis/writing_papers/resampling_planning_in_dyna
mic_environment/equations/ee_q_rotation.tex)
(/home/asl/version-control/ws_thesis/writing_papers/resampling_planning_in_dyna
mic_environment/algorithms/newton_raphson_table.tex)
(/home/asl/version-control/ws_thesis/writing_papers/resampling_planning_in_dyna
mic_environment/algorithms/RRT_table.tex [6 </home/asl/version-control/ws_thesi
s/writing_papers/resampling_planning_in_dynamic_environment/figures/r_mini_fram
e1.png> </home/asl/version-control/ws_thesis/writing_papers/resampling_planning
_in_dynamic_environment/figures/r_mini_frame2.png> </home/asl/version-control/w
s_thesis/writing_papers/resampling_planning_in_dynamic_environment/figures/r_mi
ni_frame5.png> </home/asl/version-control/ws_thesis/writing_papers/resampling_p
lanning_in_dynamic_environment/figures/r_mini_frame6.png> </home/asl/version-co
ntrol/ws_thesis/writing_papers/resampling_planning_in_dynamic_environment/figur
es/r_mini_local_frames.png>])
(/home/asl/version-control/ws_thesis/writing_papers/resampling_planning_in_dyna
mic_environment/equations/configuration_vector.tex)
(/home/asl/version-control/ws_thesis/writing_papers/resampling_planning_in_dyna
mic_environment/equations/trajectory.tex) [7]
(/home/asl/version-control/ws_thesis/writing_papers/resampling_planning_in_dyna
mic_environment/algorithms/cycle_space_table.tex
LaTeX Font Info:    Font shape `OT1/cmss/m/it' in size <10> not available
(Font)              Font shape `OT1/cmss/m/sl' tried instead on input line 36.
)
(/home/asl/version-control/ws_thesis/writing_papers/resampling_planning_in_dyna
mic_environment/equations/benchmark_pose_vector.tex [8])
(/home/asl/version-control/ws_thesis/writing_papers/resampling_planning_in_dyna
mic_environment/equations/box_pose.tex)
(/home/asl/version-control/ws_thesis/writing_papers/resampling_planning_in_dyna
mic_environment/figures/benchmark_simulation.tex
</home/asl/version-control/ws_thesis/writing_papers/resampling_planning_in_dyna
mic_environment/figures/benchmark_simulation_top.png, id=288, 1891.065pt x 953.
5625pt>
File: /home/asl/version-control/ws_thesis/writing_papers/resampling_planning_in
_dynamic_environment/figures/benchmark_simulation_top.png Graphic file (type pn
g)
<use /home/asl/version-control/ws_thesis/writing_papers/resampling_planning_in_
dynamic_environment/figures/benchmark_simulation_top.png>
Package pdftex.def Info: /home/asl/version-control/ws_thesis/writing_papers/res
ampling_planning_in_dynamic_environment/figures/benchmark_simulation_top.png  u
sed on input line 6.
(pdftex.def)             Requested size: 313.69157pt x 158.17493pt.
</home/asl/version-control/ws_thesis/writing_papers/resampling_planning_in_dyna
mic_environment/figures/benchmark_simulation_iso2.png, id=289, 1378.14874pt x 9
45.5325pt>
File: /home/asl/version-control/ws_thesis/writing_papers/resampling_planning_in
_dynamic_environment/figures/benchmark_simulation_iso2.png Graphic file (type p
ng)
<use /home/asl/version-control/ws_thesis/writing_papers/resampling_planning_in_
dynamic_environment/figures/benchmark_simulation_iso2.png>
Package pdftex.def Info: /home/asl/version-control/ws_thesis/writing_papers/res
ampling_planning_in_dynamic_environment/figures/benchmark_simulation_iso2.png  
used on input line 10.
(pdftex.def)             Requested size: 313.69157pt x 215.21718pt.
</home/asl/version-control/ws_thesis/writing_papers/resampling_planning_in_dyna
mic_environment/figures/benchmark_avoiding_obs.png, id=290, 1895.08pt x 959.585
pt>
File: /home/asl/version-control/ws_thesis/writing_papers/resampling_planning_in
_dynamic_environment/figures/benchmark_avoiding_obs.png Graphic file (type png)

<use /home/asl/version-control/ws_thesis/writing_papers/resampling_planning_in_
dynamic_environment/figures/benchmark_avoiding_obs.png>
Package pdftex.def Info: /home/asl/version-control/ws_thesis/writing_papers/res
ampling_planning_in_dynamic_environment/figures/benchmark_avoiding_obs.png  use
d on input line 14.
(pdftex.def)             Requested size: 313.69157pt x 158.83716pt.
)
(/home/asl/version-control/ws_thesis/writing_papers/resampling_planning_in_dyna
mic_environment/figures/benchmarking_process_time.tex
</home/asl/version-control/ws_thesis/writing_papers/resampling_planning_in_dyna
mic_environment/figures/benchmarking_process_time.png, id=292, 1540.75626pt x 9
70.62625pt>
File: /home/asl/version-control/ws_thesis/writing_papers/resampling_planning_in
_dynamic_environment/figures/benchmarking_process_time.png Graphic file (type p
ng)
<use /home/asl/version-control/ws_thesis/writing_papers/resampling_planning_in_
dynamic_environment/figures/benchmarking_process_time.png>
Package pdftex.def Info: /home/asl/version-control/ws_thesis/writing_papers/res
ampling_planning_in_dynamic_environment/figures/benchmarking_process_time.png  
used on input line 4.
(pdftex.def)             Requested size: 418.25545pt x 263.47958pt.
) [9] [10 </home/asl/version-control/ws_thesis/writing_papers/resampling_planni
ng_in_dynamic_environment/figures/benchmark_simulation_top.png> </home/asl/vers
ion-control/ws_thesis/writing_papers/resampling_planning_in_dynamic_environment
/figures/benchmark_simulation_iso2.png> </home/asl/version-control/ws_thesis/wr
iting_papers/resampling_planning_in_dynamic_environment/figures/benchmark_avoid
ing_obs.png>]
(/home/asl/version-control/ws_thesis/writing_papers/resampling_planning_in_dyna
mic_environment/equations/experiment_table.tex
LaTeX Font Info:    Trying to load font information for OMS+cmr on input line 1
1.

(/usr/share/texlive/texmf-dist/tex/latex/base/omscmr.fd
File: omscmr.fd 2019/12/16 v2.5j Standard LaTeX font definitions
)
LaTeX Font Info:    Font shape `OMS/cmr/m/n' in size <10> not available
(Font)              Font shape `OMS/cmsy/m/n' tried instead on input line 11.
)
(/home/asl/version-control/ws_thesis/writing_papers/resampling_planning_in_dyna
mic_environment/figures/obs_avoidance_fail.tex
</home/asl/version-control/ws_thesis/writing_papers/resampling_planning_in_dyna
mic_environment/figures/obs_avoidance_fail1.png, id=317, 1192.455pt x 1082.0425
pt>
File: /home/asl/version-control/ws_thesis/writing_papers/resampling_planning_in
_dynamic_environment/figures/obs_avoidance_fail1.png Graphic file (type png)
<use /home/asl/version-control/ws_thesis/writing_papers/resampling_planning_in_
dynamic_environment/figures/obs_avoidance_fail1.png>
Package pdftex.def Info: /home/asl/version-control/ws_thesis/writing_papers/res
ampling_planning_in_dynamic_environment/figures/obs_avoidance_fail1.png  used o
n input line 6.
(pdftex.def)             Requested size: 167.29962pt x 151.79861pt.
</home/asl/version-control/ws_thesis/writing_papers/resampling_planning_in_dyna
mic_environment/figures/obs_avoidance_fail2.png, id=318, 1191.45125pt x 1083.04
625pt>
File: /home/asl/version-control/ws_thesis/writing_papers/resampling_planning_in
_dynamic_environment/figures/obs_avoidance_fail2.png Graphic file (type png)
<use /home/asl/version-control/ws_thesis/writing_papers/resampling_planning_in_
dynamic_environment/figures/obs_avoidance_fail2.png>
Package pdftex.def Info: /home/asl/version-control/ws_thesis/writing_papers/res
ampling_planning_in_dynamic_environment/figures/obs_avoidance_fail2.png  used o
n input line 10.
(pdftex.def)             Requested size: 167.29962pt x 152.07164pt.
</home/asl/version-control/ws_thesis/writing_papers/resampling_planning_in_dyna
mic_environment/figures/obs_avoidance_fail3.png, id=319, 1191.45125pt x 1084.05
pt>
File: /home/asl/version-control/ws_thesis/writing_papers/resampling_planning_in
_dynamic_environment/figures/obs_avoidance_fail3.png Graphic file (type png)
<use /home/asl/version-control/ws_thesis/writing_papers/resampling_planning_in_
dynamic_environment/figures/obs_avoidance_fail3.png>
Package pdftex.def Info: /home/asl/version-control/ws_thesis/writing_papers/res
ampling_planning_in_dynamic_environment/figures/obs_avoidance_fail3.png  used o
n input line 14.
(pdftex.def)             Requested size: 167.29962pt x 152.21257pt.
</home/asl/version-control/ws_thesis/writing_papers/resampling_planning_in_dyna
mic_environment/figures/obs_avoidance_fail4.png, id=320, 1191.45125pt x 1084.05
pt>
File: /home/asl/version-control/ws_thesis/writing_papers/resampling_planning_in
_dynamic_environment/figures/obs_avoidance_fail4.png Graphic file (type png)
<use /home/asl/version-control/ws_thesis/writing_papers/resampling_planning_in_
dynamic_environment/figures/obs_avoidance_fail4.png>
Package pdftex.def Info: /home/asl/version-control/ws_thesis/writing_papers/res
ampling_planning_in_dynamic_environment/figures/obs_avoidance_fail4.png  used o
n input line 18.
(pdftex.def)             Requested size: 167.29962pt x 152.21257pt.
</home/asl/version-control/ws_thesis/writing_papers/resampling_planning_in_dyna
mic_environment/figures/obs_avoidance_fail5.png, id=321, 1192.455pt x 1084.05pt
>
File: /home/asl/version-control/ws_thesis/writing_papers/resampling_planning_in
_dynamic_environment/figures/obs_avoidance_fail5.png Graphic file (type png)
<use /home/asl/version-control/ws_thesis/writing_papers/resampling_planning_in_
dynamic_environment/figures/obs_avoidance_fail5.png>
Package pdftex.def Info: /home/asl/version-control/ws_thesis/writing_papers/res
ampling_planning_in_dynamic_environment/figures/obs_avoidance_fail5.png  used o
n input line 22.
(pdftex.def)             Requested size: 167.29962pt x 152.08025pt.
</home/asl/version-control/ws_thesis/writing_papers/resampling_planning_in_dyna
mic_environment/figures/obs_avoidance_fail6.png, id=322, 1193.45876pt x 1083.04
625pt>
File: /home/asl/version-control/ws_thesis/writing_papers/resampling_planning_in
_dynamic_environment/figures/obs_avoidance_fail6.png Graphic file (type png)
<use /home/asl/version-control/ws_thesis/writing_papers/resampling_planning_in_
dynamic_environment/figures/obs_avoidance_fail6.png>
Package pdftex.def Info: /home/asl/version-control/ws_thesis/writing_papers/res
ampling_planning_in_dynamic_environment/figures/obs_avoidance_fail6.png  used o
n input line 26.
(pdftex.def)             Requested size: 167.29962pt x 151.80722pt.
)
(/home/asl/version-control/ws_thesis/writing_papers/resampling_planning_in_dyna
mic_environment/figures/avoiding_moving_obs.tex
</home/asl/version-control/ws_thesis/writing_papers/resampling_planning_in_dyna
mic_environment/figures/avoiding_moving_obs_1.png, id=326, 1928.20375pt x 888.3
1876pt>
File: /home/asl/version-control/ws_thesis/writing_papers/resampling_planning_in
_dynamic_environment/figures/avoiding_moving_obs_1.png Graphic file (type png)
<use /home/asl/version-control/ws_thesis/writing_papers/resampling_planning_in_
dynamic_environment/figures/avoiding_moving_obs_1.png>
Package pdftex.def Info: /home/asl/version-control/ws_thesis/writing_papers/res
ampling_planning_in_dynamic_environment/figures/avoiding_moving_obs_1.png  used
 on input line 6.
(pdftex.def)             Requested size: 167.29962pt x 77.07166pt.
</home/asl/version-control/ws_thesis/writing_papers/resampling_planning_in_dyna
mic_environment/figures/avoiding_moving_obs_2.png, id=327, 1930.21124pt x 885.3
075pt>
File: /home/asl/version-control/ws_thesis/writing_papers/resampling_planning_in
_dynamic_environment/figures/avoiding_moving_obs_2.png Graphic file (type png)
<use /home/asl/version-control/ws_thesis/writing_papers/resampling_planning_in_
dynamic_environment/figures/avoiding_moving_obs_2.png>
Package pdftex.def Info: /home/asl/version-control/ws_thesis/writing_papers/res
ampling_planning_in_dynamic_environment/figures/avoiding_moving_obs_2.png  used
 on input line 10.
(pdftex.def)             Requested size: 167.29962pt x 76.72934pt.
</home/asl/version-control/ws_thesis/writing_papers/resampling_planning_in_dyna
mic_environment/figures/avoiding_moving_obs_3.png, id=328, 975.645pt x 886.3112
5pt>
File: /home/asl/version-control/ws_thesis/writing_papers/resampling_planning_in
_dynamic_environment/figures/avoiding_moving_obs_3.png Graphic file (type png)
<use /home/asl/version-control/ws_thesis/writing_papers/resampling_planning_in_
dynamic_environment/figures/avoiding_moving_obs_3.png>
Package pdftex.def Info: /home/asl/version-control/ws_thesis/writing_papers/res
ampling_planning_in_dynamic_environment/figures/avoiding_moving_obs_3.png  used
 on input line 14.
(pdftex.def)             Requested size: 167.29962pt x 151.96922pt.
</home/asl/version-control/ws_thesis/writing_papers/resampling_planning_in_dyna
mic_environment/figures/avoiding_moving_obs_gazebo.png, id=329, 1927.2pt x 1044
.90375pt>
File: /home/asl/version-control/ws_thesis/writing_papers/resampling_planning_in
_dynamic_environment/figures/avoiding_moving_obs_gazebo.png Graphic file (type 
png)
<use /home/asl/version-control/ws_thesis/writing_papers/resampling_planning_in_
dynamic_environment/figures/avoiding_moving_obs_gazebo.png>
Package pdftex.def Info: /home/asl/version-control/ws_thesis/writing_papers/res
ampling_planning_in_dynamic_environment/figures/avoiding_moving_obs_gazebo.png 
 used on input line 18.
(pdftex.def)             Requested size: 167.29962pt x 90.70499pt.
)
(/home/asl/version-control/ws_thesis/writing_papers/resampling_planning_in_dyna
mic_environment/figures/obs_avoidance.tex
</home/asl/version-control/ws_thesis/writing_papers/resampling_planning_in_dyna
mic_environment/figures/obs_avoidance1.png, id=330, 1927.2pt x 1064.97874pt>
File: /home/asl/version-control/ws_thesis/writing_papers/resampling_planning_in
_dynamic_environment/figures/obs_avoidance1.png Graphic file (type png)
<use /home/asl/version-control/ws_thesis/writing_papers/resampling_planning_in_
dynamic_environment/figures/obs_avoidance1.png>
Package pdftex.def Info: /home/asl/version-control/ws_thesis/writing_papers/res
ampling_planning_in_dynamic_environment/figures/obs_avoidance1.png  used on inp
ut line 6.
(pdftex.def)             Requested size: 167.29962pt x 92.44765pt.
</home/asl/version-control/ws_thesis/writing_papers/resampling_planning_in_dyna
mic_environment/figures/obs_avoidance2.png, id=331, 1924.18875pt x 1061.9675pt>

File: /home/asl/version-control/ws_thesis/writing_papers/resampling_planning_in
_dynamic_environment/figures/obs_avoidance2.png Graphic file (type png)
<use /home/asl/version-control/ws_thesis/writing_papers/resampling_planning_in_
dynamic_environment/figures/obs_avoidance2.png>
Package pdftex.def Info: /home/asl/version-control/ws_thesis/writing_papers/res
ampling_planning_in_dynamic_environment/figures/obs_avoidance2.png  used on inp
ut line 10.
(pdftex.def)             Requested size: 167.29962pt x 92.33209pt.
</home/asl/version-control/ws_thesis/writing_papers/resampling_planning_in_dyna
mic_environment/figures/obs_avoidance3.png, id=332, 1925.1925pt x 1063.975pt>
File: /home/asl/version-control/ws_thesis/writing_papers/resampling_planning_in
_dynamic_environment/figures/obs_avoidance3.png Graphic file (type png)
<use /home/asl/version-control/ws_thesis/writing_papers/resampling_planning_in_
dynamic_environment/figures/obs_avoidance3.png>
Package pdftex.def Info: /home/asl/version-control/ws_thesis/writing_papers/res
ampling_planning_in_dynamic_environment/figures/obs_avoidance3.png  used on inp
ut line 14.
(pdftex.def)             Requested size: 167.29962pt x 92.45792pt.
</home/asl/version-control/ws_thesis/writing_papers/resampling_planning_in_dyna
mic_environment/figures/obs_avoidance4.png, id=333, 1925.1925pt x 1061.9675pt>
File: /home/asl/version-control/ws_thesis/writing_papers/resampling_planning_in
_dynamic_environment/figures/obs_avoidance4.png Graphic file (type png)
<use /home/asl/version-control/ws_thesis/writing_papers/resampling_planning_in_
dynamic_environment/figures/obs_avoidance4.png>
Package pdftex.def Info: /home/asl/version-control/ws_thesis/writing_papers/res
ampling_planning_in_dynamic_environment/figures/obs_avoidance4.png  used on inp
ut line 18.
(pdftex.def)             Requested size: 167.29962pt x 92.28348pt.
</home/asl/version-control/ws_thesis/writing_papers/resampling_planning_in_dyna
mic_environment/figures/obs_avoidance5.png, id=334, 1927.2pt x 1064.97874pt>
File: /home/asl/version-control/ws_thesis/writing_papers/resampling_planning_in
_dynamic_environment/figures/obs_avoidance5.png Graphic file (type png)
<use /home/asl/version-control/ws_thesis/writing_papers/resampling_planning_in_
dynamic_environment/figures/obs_avoidance5.png>
Package pdftex.def Info: /home/asl/version-control/ws_thesis/writing_papers/res
ampling_planning_in_dynamic_environment/figures/obs_avoidance5.png  used on inp
ut line 22.
(pdftex.def)             Requested size: 167.29962pt x 92.44765pt.
</home/asl/version-control/ws_thesis/writing_papers/resampling_planning_in_dyna
mic_environment/figures/obs_avoidance6.png, id=335, 1926.19624pt x 1064.97874pt
>
File: /home/asl/version-control/ws_thesis/writing_papers/resampling_planning_in
_dynamic_environment/figures/obs_avoidance6.png Graphic file (type png)
<use /home/asl/version-control/ws_thesis/writing_papers/resampling_planning_in_
dynamic_environment/figures/obs_avoidance6.png>
Package pdftex.def Info: /home/asl/version-control/ws_thesis/writing_papers/res
ampling_planning_in_dynamic_environment/figures/obs_avoidance6.png  used on inp
ut line 26.
(pdftex.def)             Requested size: 167.29962pt x 92.4964pt.
) [11 </home/asl/version-control/ws_thesis/writing_papers/resampling_planning_i
n_dynamic_environment/figures/benchmarking_process_time.png>] [12 </home/asl/ve
rsion-control/ws_thesis/writing_papers/resampling_planning_in_dynamic_environme
nt/figures/obs_avoidance_fail1.png> </home/asl/version-control/ws_thesis/writin
g_papers/resampling_planning_in_dynamic_environment/figures/obs_avoidance_fail2
.png> </home/asl/version-control/ws_thesis/writing_papers/resampling_planning_i
n_dynamic_environment/figures/obs_avoidance_fail3.png> </home/asl/version-contr
ol/ws_thesis/writing_papers/resampling_planning_in_dynamic_environment/figures/
obs_avoidance_fail4.png> </home/asl/version-control/ws_thesis/writing_papers/re
sampling_planning_in_dynamic_environment/figures/obs_avoidance_fail5.png> </hom
e/asl/version-control/ws_thesis/writing_papers/resampling_planning_in_dynamic_e
nvironment/figures/obs_avoidance_fail6.png>] [13 </home/asl/version-control/ws_
thesis/writing_papers/resampling_planning_in_dynamic_environment/figures/avoidi
ng_moving_obs_1.png> </home/asl/version-control/ws_thesis/writing_papers/resamp
ling_planning_in_dynamic_environment/figures/avoiding_moving_obs_2.png> </home/
asl/version-control/ws_thesis/writing_papers/resampling_planning_in_dynamic_env
ironment/figures/avoiding_moving_obs_3.png> </home/asl/version-control/ws_thesi
s/writing_papers/resampling_planning_in_dynamic_environment/figures/avoiding_mo
ving_obs_gazebo.png>] [14 </home/asl/version-control/ws_thesis/writing_papers/r
esampling_planning_in_dynamic_environment/figures/obs_avoidance1.png> </home/as
l/version-control/ws_thesis/writing_papers/resampling_planning_in_dynamic_envir
onment/figures/obs_avoidance2.png> </home/asl/version-control/ws_thesis/writing
_papers/resampling_planning_in_dynamic_environment/figures/obs_avoidance3.png> 
</home/asl/version-control/ws_thesis/writing_papers/resampling_planning_in_dyna
mic_environment/figures/obs_avoidance4.png> </home/asl/version-control/ws_thesi
s/writing_papers/resampling_planning_in_dynamic_environment/figures/obs_avoidan
ce5.png> </home/asl/version-control/ws_thesis/writing_papers/resampling_plannin
g_in_dynamic_environment/figures/obs_avoidance6.png>]
(/home/asl/version-control/ws_thesis/writing_papers/resampling_planning_in_dyna
mic_environment/figures/reaction_joint.tex
</home/asl/version-control/ws_thesis/writing_papers/resampling_planning_in_dyna
mic_environment/figures/reaction_joint1.png, id=379, 1240.635pt x 879.285pt>
File: /home/asl/version-control/ws_thesis/writing_papers/resampling_planning_in
_dynamic_environment/figures/reaction_joint1.png Graphic file (type png)
<use /home/asl/version-control/ws_thesis/writing_papers/resampling_planning_in_
dynamic_environment/figures/reaction_joint1.png>
Package pdftex.def Info: /home/asl/version-control/ws_thesis/writing_papers/res
ampling_planning_in_dynamic_environment/figures/reaction_joint1.png  used on in
put line 6.
(pdftex.def)             Requested size: 167.29962pt x 118.56418pt.
</home/asl/version-control/ws_thesis/writing_papers/resampling_planning_in_dyna
mic_environment/figures/reaction_joint2.png, id=380, 1247.66125pt x 873.2625pt>

File: /home/asl/version-control/ws_thesis/writing_papers/resampling_planning_in
_dynamic_environment/figures/reaction_joint2.png Graphic file (type png)
<use /home/asl/version-control/ws_thesis/writing_papers/resampling_planning_in_
dynamic_environment/figures/reaction_joint2.png>
Package pdftex.def Info: /home/asl/version-control/ws_thesis/writing_papers/res
ampling_planning_in_dynamic_environment/figures/reaction_joint2.png  used on in
put line 10.
(pdftex.def)             Requested size: 167.29962pt x 117.08585pt.
</home/asl/version-control/ws_thesis/writing_papers/resampling_planning_in_dyna
mic_environment/figures/reaction_joint3.png, id=381, 1250.6725pt x 885.3075pt>
File: /home/asl/version-control/ws_thesis/writing_papers/resampling_planning_in
_dynamic_environment/figures/reaction_joint3.png Graphic file (type png)
<use /home/asl/version-control/ws_thesis/writing_papers/resampling_planning_in_
dynamic_environment/figures/reaction_joint3.png>
Package pdftex.def Info: /home/asl/version-control/ws_thesis/writing_papers/res
ampling_planning_in_dynamic_environment/figures/reaction_joint3.png  used on in
put line 14.
(pdftex.def)             Requested size: 167.29962pt x 118.41714pt.
</home/asl/version-control/ws_thesis/writing_papers/resampling_planning_in_dyna
mic_environment/figures/reaction_joint123.png, id=382, 1253.68375pt x 859.21pt>

File: /home/asl/version-control/ws_thesis/writing_papers/resampling_planning_in
_dynamic_environment/figures/reaction_joint123.png Graphic file (type png)
<use /home/asl/version-control/ws_thesis/writing_papers/resampling_planning_in_
dynamic_environment/figures/reaction_joint123.png>
Package pdftex.def Info: /home/asl/version-control/ws_thesis/writing_papers/res
ampling_planning_in_dynamic_environment/figures/reaction_joint123.png  used on 
input line 18.
(pdftex.def)             Requested size: 167.29962pt x 114.65108pt.
) [15 </home/asl/version-control/ws_thesis/writing_papers/resampling_planning_i
n_dynamic_environment/figures/reaction_joint1.png> </home/asl/version-control/w
s_thesis/writing_papers/resampling_planning_in_dynamic_environment/figures/reac
tion_joint2.png> </home/asl/version-control/ws_thesis/writing_papers/resampling
_planning_in_dynamic_environment/figures/reaction_joint3.png> </home/asl/versio
n-control/ws_thesis/writing_papers/resampling_planning_in_dynamic_environment/f
igures/reaction_joint123.png>]
Overfull \hbox (7.2922pt too wide) in paragraph at lines 731--731
[]$\OT1/cmtt/m/n/10 10 . 1115 / 1 . 4011045$[]\OT1/cmr/m/n/10 . \OT1/cmr/m/sc/1
0 url\OT1/cmr/m/n/10 : []$\OT1/cmtt/m/n/10 https : / / asmedigitalcollection . 
asme . org / appliedmechanics /
 []

[16

]
Package atveryend Info: Empty hook `BeforeClearDocument' on input line 732.
 [17]
Package atveryend Info: Empty hook `AfterLastShipout' on input line 732.
 (./resampling_reviewer_revision.aux)
Package atveryend Info: Executing hook `AtVeryEndDocument' on input line 732.
Package atveryend Info: Executing hook `AtEndAfterFileList' on input line 732.
Package rerunfilecheck Info: File `resampling_reviewer_revision.out' has not ch
anged.
(rerunfilecheck)             Checksum: 11C3E1D825AED2FC7BFE4C1F998AF363;1011.


LaTeX Warning: There were multiply-defined labels.

Package logreq Info: Writing requests to 'resampling_reviewer_revision.run.xml'
.
\openout1 = `resampling_reviewer_revision.run.xml'.

 )
(\end occurred inside a group at level 1)

### simple group (level 1) entered at line 594 ({)
### bottom level 
Here is how much of TeX's memory you used:
 19860 strings out of 481239
 360624 string characters out of 5920377
 1028436 words of memory out of 5000000
 34602 multiletter control sequences out of 15000+600000
 550520 words of font info for 94 fonts, out of 8000000 for 9000
 1141 hyphenation exceptions out of 8191
 48i,22n,51p,1946b,1478s stack positions out of 5000i,500n,10000p,200000b,80000s
</usr/share/texlive/texmf-dist/fonts/type1/public/amsfonts/cm/c
mbsy10.pfb></usr/share/texlive/texmf-dist/fonts/type1/public/amsfonts/cmextra/c
mbsy7.pfb></usr/share/texlive/texmf-dist/fonts/type1/public/amsfonts/cm/cmbx10.
pfb></usr/share/texlive/texmf-dist/fonts/type1/public/amsfonts/cm/cmbx12.pfb></
usr/share/texlive/texmf-dist/fonts/type1/public/amsfonts/cm/cmbx7.pfb></usr/sha
re/texlive/texmf-dist/fonts/type1/public/amsfonts/cm/cmbx9.pfb></usr/share/texl
ive/texmf-dist/fonts/type1/public/amsfonts/cm/cmbxti10.pfb></usr/share/texlive/
texmf-dist/fonts/type1/public/amsfonts/cm/cmcsc10.pfb></usr/share/texlive/texmf
-dist/fonts/type1/public/amsfonts/cm/cmex10.pfb></usr/share/texlive/texmf-dist/
fonts/type1/public/amsfonts/cm/cmmi10.pfb></usr/share/texlive/texmf-dist/fonts/
type1/public/amsfonts/cm/cmmi7.pfb></usr/share/texlive/texmf-dist/fonts/type1/p
ublic/amsfonts/cm/cmmib10.pfb></usr/share/texlive/texmf-dist/fonts/type1/public
/amsfonts/cm/cmr10.pfb></usr/share/texlive/texmf-dist/fonts/type1/public/amsfon
ts/cm/cmr12.pfb></usr/share/texlive/texmf-dist/fonts/type1/public/amsfonts/cm/c
mr17.pfb></usr/share/texlive/texmf-dist/fonts/type1/public/amsfonts/cm/cmr6.pfb
></usr/share/texlive/texmf-dist/fonts/type1/public/amsfonts/cm/cmr7.pfb></usr/s
hare/texlive/texmf-dist/fonts/type1/public/amsfonts/cm/cmr8.pfb></usr/share/tex
live/texmf-dist/fonts/type1/public/amsfonts/cm/cmr9.pfb></usr/share/texlive/tex
mf-dist/fonts/type1/public/amsfonts/cm/cmss10.pfb></usr/share/texlive/texmf-dis
t/fonts/type1/public/amsfonts/cm/cmssi10.pfb></usr/share/texlive/texmf-dist/fon
ts/type1/public/amsfonts/cm/cmsy10.pfb></usr/share/texlive/texmf-dist/fonts/typ
e1/public/amsfonts/cm/cmsy7.pfb></usr/share/texlive/texmf-dist/fonts/type1/publ
ic/amsfonts/cm/cmti10.pfb></usr/share/texlive/texmf-dist/fonts/type1/public/ams
fonts/cm/cmti9.pfb></usr/share/texlive/texmf-dist/fonts/type1/public/amsfonts/c
m/cmtt10.pfb></usr/share/texlive/texmf-dist/fonts/type1/public/amsfonts/symbols
/msbm10.pfb>
Output written on resampling_reviewer_revision.pdf (17 pages, 10205174 bytes).
PDF statistics:
 550 PDF objects out of 1000 (max. 8388607)
 424 compressed objects within 5 object streams
 114 named destinations out of 1000 (max. 500000)
 273 words of extra memory for PDF output out of 10000 (max. 10000000)

